"timestamp","inputBitrate","demuxBitrate","demuxCorrupted","demuxDiscontinuity","sendBitrate","framesDisplayed","playedAudioBuffers","decodedVideo","decodedAudio","framesDisplayedAux","playedAudioBuffersAux","decodedVideoAux","decodedAudioAux","framesDisplayedCalc","playedAudioBuffersCalc","decodedVideoCalc","decodedAudioCalc"
1615938775,0,0,0,0,0,0,0,0,0,0,0,0,0,0,0,0,0
1615938776,0,0,0,0,0,0,0,0,0,0,0,0,0,0,0,0,0
1615938777,0,0,0,0,0,0,0,9,1,0,0,0,0,0,0,9,1
1615938778,0,0,0,0,0,13,97,75,195,0,0,9,1,13,97,66,194
1615938779,0,0,0,0,0,33,145,115,291,13,97,75,195,20,48,40,96
1615938780,0,0,0,0,0,48,181,145,363,33,145,115,291,15,36,30,72
1615938781,0,0,0,0,0,68,229,185,459,48,181,145,363,20,48,40,96
1615938782,0,0,0,0,0,83,265,215,531,68,229,185,459,15,36,30,72
1615938783,0,0,0,0,0,103,313,255,627,83,265,215,531,20,48,40,96
1615938784,0,0,0,0,0,118,359,292,719,103,313,255,627,15,46,37,92
1615938785,0,0,0,0,0,126,395,332,791,118,359,292,719,8,36,40,72
1615938786,0,0,0,0,0,150,441,382,883,126,395,332,791,24,46,50,92
1615938787,0,0,0,0,0,175,486,432,973,150,441,382,883,25,45,50,90
1615938788,0,0,0,0,0,201,531,484,1063,175,486,432,973,26,45,52,90
1615938789,0,0,0,0,0,226,576,534,1153,201,531,484,1063,25,45,50,90
1615938790,0,0,0,0,0,244,610,572,1221,226,576,534,1153,18,34,38,68
1615938791,0,0,0,0,0,269,655,622,1311,244,610,572,1221,25,45,50,90
1615938792,0,0,0,0,0,295,700,672,1401,269,655,622,1311,26,45,50,90
1615938793,0,0,0,0,0,321,748,724,1497,295,700,672,1401,26,48,52,96
1615938794,0,0,0,0,0,339,782,762,1565,321,748,724,1497,18,34,38,68
1615938795,0,0,0,0,0,365,827,812,1655,339,782,762,1565,26,45,50,90
1615938796,0,0,0,0,0,390,872,864,1745,365,827,812,1655,25,45,52,90
1615938797,0,0,0,0,0,417,919,916,1839,390,872,864,1745,27,47,52,94
1615938798,0,0,0,0,0,442,965,966,1931,417,919,916,1839,25,46,50,92
1615938799,0,0,0,0,0,461,998,1004,1997,442,965,966,1931,19,33,38,66
1615938800,0,0,0,0,0,485,1044,1054,2089,461,998,1004,1997,24,46,50,92
1615938801,0,0,0,0,0,513,1091,1108,2183,485,1044,1054,2089,28,47,54,94
1615938802,0,0,0,0,0,538,1136,1158,2273,513,1091,1108,2183,25,45,50,90
1615938803,0,0,0,0,0,557,1170,1196,2341,538,1136,1158,2273,19,34,38,68
1615938804,0,0,0,0,0,582,1215,1246,2431,557,1170,1196,2341,25,45,50,90
1615938805,0,0,0,0,0,608,1261,1298,2523,582,1215,1246,2431,26,46,52,92
1615938806,0,0,0,0,0,632,1306,1346,2613,608,1261,1298,2523,24,45,48,90
1615938807,0,0,0,0,0,657,1351,1396,2703,632,1306,1346,2613,25,45,50,90
1615938808,0,0,0,0,0,676,1385,1434,2771,657,1351,1396,2703,19,34,38,68
1615938809,0,0,0,0,0,702,1430,1486,2861,676,1385,1434,2771,26,45,52,90
1615938810,0,0,0,0,0,728,1477,1538,2955,702,1430,1486,2861,26,47,52,94
1615938811,0,0,0,0,0,754,1523,1590,3047,728,1477,1538,2955,26,46,52,92
1615938812,0,0,0,0,0,778,1568,1638,3137,754,1523,1590,3047,24,45,48,90
1615938813,0,0,0,0,0,796,1602,1676,3205,778,1568,1638,3137,18,34,38,68
1615938814,0,0,0,0,0,822,1647,1726,3295,796,1602,1676,3205,26,45,50,90
1615938815,0,0,0,0,0,848,1694,1780,3389,822,1647,1726,3295,26,47,54,94
1615938816,0,0,0,0,0,874,1739,1830,3479,848,1694,1780,3389,26,45,50,90
1615938817,0,0,0,0,0,892,1773,1868,3547,874,1739,1830,3479,18,34,38,68
1615938818,0,0,0,0,0,919,1821,1920,3643,892,1773,1868,3547,27,48,52,96
1615938819,0,0,0,0,0,945,1866,1972,3733,919,1821,1920,3643,26,45,52,90
1615938820,0,0,0,0,0,964,1902,2012,3805,945,1866,1972,3733,19,36,40,72
1615938821,0,0,0,0,0,991,1949,2064,3899,964,1902,2012,3805,27,47,52,94
1615938822,0,0,0,0,0,1016,1995,2114,3991,991,1949,2064,3899,25,46,50,92
1615938823,0,0,0,0,0,1036,2031,2154,4063,1016,1995,2114,3991,20,36,40,72
1615938824,0,0,0,0,0,1062,2076,2206,4153,1036,2031,2154,4063,26,45,52,90
1615938825,0,0,0,0,0,1087,2123,2258,4247,1062,2076,2206,4153,25,47,52,94
1615938826,0,0,0,0,0,1113,2168,2308,4337,1087,2123,2258,4247,26,45,50,90
1615938827,0,0,0,0,0,1132,2203,2348,4407,1113,2168,2308,4337,19,35,40,70
1615938828,0,0,0,0,0,1157,2248,2396,4497,1132,2203,2348,4407,25,45,48,90
1615938829,0,0,0,0,0,1182,2293,2446,4587,1157,2248,2396,4497,25,45,50,90
1615938830,0,0,0,0,0,1207,2338,2498,4677,1182,2293,2446,4587,25,45,52,90
1615938831,0,0,0,0,0,1233,2383,2548,4767,1207,2338,2498,4677,26,45,50,90
1615938832,0,0,0,0,0,1257,2428,2598,4857,1233,2383,2548,4767,24,45,50,90
1615938833,0,0,0,0,0,1277,2462,2636,4925,1257,2428,2598,4857,20,34,38,68
1615938834,0,0,0,0,0,1303,2508,2688,5017,1277,2462,2636,4925,26,46,52,92
1615938835,0,0,0,0,0,1328,2553,2738,5107,1303,2508,2688,5017,25,45,50,90
1615938836,0,0,0,0,0,1352,2598,2786,5197,1328,2553,2738,5107,24,45,48,90
1615938837,0,0,0,0,0,1378,2643,2838,5287,1352,2598,2786,5197,26,45,52,90
1615938838,0,0,0,0,0,1397,2679,2878,5359,1378,2643,2838,5287,19,36,40,72
1615938839,0,0,0,0,0,1424,2726,2930,5453,1397,2679,2878,5359,27,47,52,94
1615938840,0,0,0,0,0,1448,2772,2980,5545,1424,2726,2930,5453,24,46,50,92
1615938841,0,0,0,0,0,1474,2817,3030,5635,1448,2772,2980,5545,26,45,50,90
1615938842,0,0,0,0,0,1493,2851,3068,5703,1474,2817,3030,5635,19,34,38,68
1615938843,0,0,0,0,0,1519,2896,3120,5793,1493,2851,3068,5703,26,45,52,90
1615938844,0,0,0,0,0,1543,2941,3170,5883,1519,2896,3120,5793,24,45,50,90
1615938845,0,0,0,0,0,1570,2988,3222,5977,1543,2941,3170,5883,27,47,52,94
1615938846,0,0,0,0,0,1589,3022,3260,6045,1570,2988,3222,5977,19,34,38,68
1615938847,0,0,0,0,0,1616,3070,3314,6141,1589,3022,3260,6045,27,48,54,96
1615938848,0,0,0,0,0,1640,3115,3364,6231,1616,3070,3314,6141,24,45,50,90
1615938849,0,0,0,0,0,1665,3160,3414,6321,1640,3115,3364,6231,25,45,50,90
1615938850,0,0,0,0,0,1684,3194,3452,6389,1665,3160,3414,6321,19,34,38,68
1615938851,0,0,0,0,0,1711,3241,3504,6483,1684,3194,3452,6389,27,47,52,94
1615938852,0,0,0,0,0,1736,3287,3554,6575,1711,3241,3504,6483,25,46,50,92
1615938853,0,0,0,0,0,1754,3323,3594,6647,1736,3287,3554,6575,18,36,40,72
1615938854,0,0,0,0,0,1770,3368,3646,6737,1754,3323,3594,6647,16,45,52,90
1615938855,0,0,0,0,0,1796,3413,3696,6827,1770,3368,3646,6737,26,45,50,90
1615938856,0,0,0,0,0,1821,3458,3746,6917,1796,3413,3696,6827,25,45,50,90
1615938857,0,0,0,0,0,1847,3506,3798,7013,1821,3458,3746,6917,26,48,52,96
1615938858,0,0,0,0,0,1866,3540,3836,7081,1847,3506,3798,7013,19,34,38,68
1615938859,0,0,0,0,0,1892,3587,3890,7175,1866,3540,3836,7081,26,47,54,94
1615938860,0,0,0,0,0,1919,3634,3942,7269,1892,3587,3890,7175,27,47,52,94
1615938861,0,0,0,0,0,1938,3668,3980,7337,1919,3634,3942,7269,19,34,38,68
1615938862,0,0,0,0,0,1964,3714,4032,7429,1938,3668,3980,7337,26,46,52,92
1615938863,0,0,0,0,0,1988,3759,4080,7519,1964,3714,4032,7429,24,45,48,90
1615938864,0,0,0,0,0,2014,3804,4132,7609,1988,3759,4080,7519,26,45,52,90
1615938865,0,0,0,0,0,2038,3849,4182,7699,2014,3804,4132,7609,24,45,50,90
1615938866,0,0,0,0,0,2058,3883,4220,7767,2038,3849,4182,7699,20,34,38,68
1615938867,0,0,0,0,0,2074,3933,4274,7867,2058,3883,4220,7767,16,50,54,100
1615938868,0,0,0,0,0,2094,3969,4314,7939,2074,3933,4274,7867,20,36,40,72
1615938869,0,0,0,0,0,2119,4014,4366,8029,2094,3969,4314,7939,25,45,52,90
1615938870,0,0,0,0,0,2145,4059,4416,8119,2119,4014,4366,8029,26,45,50,90
1615938871,0,0,0,0,0,2170,4104,4466,8209,2145,4059,4416,8119,25,45,50,90
1615938872,0,0,0,0,0,2196,4152,4518,8305,2170,4104,4466,8209,26,48,52,96
1615938873,0,0,0,0,0,2214,4186,4556,8373,2196,4152,4518,8305,18,34,38,68
1615938874,0,0,0,0,0,2240,4231,4606,8463,2214,4186,4556,8373,26,45,50,90
1615938875,0,0,0,0,0,2265,4276,4658,8553,2240,4231,4606,8463,25,45,52,90
1615938876,0,0,0,0,0,2292,4323,4710,8647,2265,4276,4658,8553,27,47,52,94
1615938877,0,0,0,0,0,2311,4357,4748,8715,2292,4323,4710,8647,19,34,38,68
1615938878,0,0,0,0,0,2336,4402,4798,8805,2311,4357,4748,8715,25,45,50,90
1615938879,0,0,0,0,0,2361,4448,4848,8897,2336,4402,4798,8805,25,46,50,92
1615938880,0,0,0,0,0,2387,4495,4902,8991,2361,4448,4848,8897,26,47,54,94
1615938881,0,0,0,0,0,2406,4529,4940,9059,2387,4495,4902,8991,19,34,38,68
1615938882,0,0,0,0,0,2431,4574,4990,9149,2406,4529,4940,9059,25,45,50,90
1615938883,0,0,0,0,0,2456,4619,5040,9239,2431,4574,4990,9149,25,45,50,90
1615938884,0,0,0,0,0,2482,4667,5092,9335,2456,4619,5040,9239,26,48,52,96
1615938885,0,0,0,0,0,2502,4701,5130,9403,2482,4667,5092,9335,20,34,38,68
1615938886,0,0,0,0,0,2528,4748,5184,9497,2502,4701,5130,9403,26,47,54,94
1615938887,0,0,0,0,0,2555,4795,5236,9591,2528,4748,5184,9497,27,47,52,94
1615938888,0,0,0,0,0,2580,4841,5286,9683,2555,4795,5236,9591,25,46,50,92
1615938889,0,0,0,0,0,2599,4874,5324,9749,2580,4841,5286,9683,19,33,38,66
1615938890,0,0,0,0,0,2624,4920,5374,9841,2599,4874,5324,9749,25,46,50,92
1615938891,0,0,0,0,0,2649,4965,5426,9931,2624,4920,5374,9841,25,45,52,90
1615938892,0,0,0,0,0,2676,5012,5478,10025,2649,4965,5426,9931,27,47,52,94
1615938893,0,0,0,0,0,2695,5046,5516,10093,2676,5012,5478,10025,19,34,38,68
1615938894,0,0,0,0,0,2720,5091,5566,10183,2695,5046,5516,10093,25,45,50,90
1615938895,0,0,0,0,0,2745,5136,5616,10273,2720,5091,5566,10183,25,45,50,90
1615938896,0,0,0,0,0,2770,5182,5666,10365,2745,5136,5616,10273,25,46,50,92
1615938897,0,0,0,0,0,2796,5227,5718,10455,2770,5182,5666,10365,26,45,52,90
1615938898,0,0,0,0,0,2814,5261,5754,10523,2796,5227,5718,10455,18,34,36,68
1615938899,0,0,0,0,0,2839,5306,5806,10613,2814,5261,5754,10523,25,45,52,90
1615938900,0,0,0,0,0,2865,5351,5856,10703,2839,5306,5806,10613,26,45,50,90
1615938901,0,0,0,0,0,2890,5396,5906,10793,2865,5351,5856,10703,25,45,50,90
1615938902,0,0,0,0,0,2916,5444,5958,10889,2890,5396,5906,10793,26,48,52,96
1615938903,0,0,0,0,0,2935,5478,5996,10957,2916,5444,5958,10889,19,34,38,68
1615938904,0,0,0,0,0,2960,5523,6046,11047,2935,5478,5996,10957,25,45,50,90
1615938905,0,0,0,0,0,2985,5568,6098,11137,2960,5523,6046,11047,25,45,52,90
1615938906,0,0,0,0,0,3012,5615,6150,11231,2985,5568,6098,11137,27,47,52,94
1615938907,0,0,0,0,0,3031,5649,6188,11299,3012,5615,6150,11231,19,34,38,68
1615938908,0,0,0,0,0,3057,5697,6240,11395,3031,5649,6188,11299,26,48,52,96
1615938909,0,0,0,0,0,3083,5742,6292,11485,3057,5697,6240,11395,26,45,52,90
1615938910,0,0,0,0,0,3102,5778,6332,11557,3083,5742,6292,11485,19,36,40,72
1615938911,0,0,0,0,0,3129,5825,6384,11651,3102,5778,6332,11557,27,47,52,94
1615938912,0,0,0,0,0,3154,5871,6434,11743,3129,5825,6384,11651,25,46,50,92
1615938913,0,0,0,0,0,3179,5916,6484,11833,3154,5871,6434,11743,25,45,50,90
1615938914,0,0,0,0,0,3198,5950,6522,11901,3179,5916,6484,11833,19,34,38,68
1615938915,0,0,0,0,0,3223,5995,6572,11991,3198,5950,6522,11901,25,45,50,90
1615938916,0,0,0,0,0,3248,6040,6624,12081,3223,5995,6572,11991,25,45,52,90
1615938917,0,0,0,0,0,3273,6085,6674,12171,3248,6040,6624,12081,25,45,50,90
1615938918,0,0,0,0,0,3299,6130,6724,12261,3273,6085,6674,12171,26,45,50,90
1615938919,0,0,0,0,0,3324,6175,6774,12351,3299,6130,6724,12261,25,45,50,90
1615938920,0,0,0,0,0,3344,6210,6814,12421,3324,6175,6774,12351,20,35,40,70
1615938921,0,0,0,0,0,3368,6255,6862,12511,3344,6210,6814,12421,24,45,48,90
1615938922,0,0,0,0,0,3393,6300,6912,12601,3368,6255,6862,12511,25,45,50,90
1615938923,0,0,0,0,0,3418,6345,6964,12691,3393,6300,6912,12601,25,45,52,90
1615938924,0,0,0,0,0,3444,6390,7014,12781,3418,6345,6964,12691,26,45,50,90
1615938925,0,0,0,0,0,3462,6424,7052,12849,3444,6390,7014,12781,18,34,38,68
1615938926,0,0,0,0,0,3487,6469,7102,12939,3462,6424,7052,12849,25,45,50,90
1615938927,0,0,0,0,0,3513,6514,7152,13029,3487,6469,7102,12939,26,45,50,90
1615938928,0,0,0,0,0,3538,6559,7202,13119,3513,6514,7152,13029,25,45,50,90
1615938929,0,0,0,0,0,3558,6596,7242,13193,3538,6559,7202,13119,20,37,40,74
1615938930,0,0,0,0,0,3584,6641,7294,13283,3558,6596,7242,13193,26,45,52,90
1615938931,0,0,0,0,0,3609,6686,7344,13373,3584,6641,7294,13283,25,45,50,90
1615938932,0,0,0,0,0,3634,6731,7394,13463,3609,6686,7344,13373,25,45,50,90
1615938933,0,0,0,0,0,3660,6777,7446,13555,3634,6731,7394,13463,26,46,52,92
1615938934,0,0,0,0,0,3684,6821,7494,13643,3660,6777,7446,13555,24,44,48,88
1615938935,0,0,0,0,0,3703,6855,7532,13711,3684,6821,7494,13643,19,34,38,68
1615938936,0,0,0,0,0,3728,6901,7582,13803,3703,6855,7532,13711,25,46,50,92
1615938937,0,0,0,0,0,3754,6948,7636,13897,3728,6901,7582,13803,26,47,54,94
1615938938,0,0,0,0,0,3779,6993,7686,13987,3754,6948,7636,13897,25,45,50,90
1615938939,0,0,0,0,0,3799,7027,7724,14055,3779,6993,7686,13987,20,34,38,68
1615938940,0,0,0,0,0,3824,7072,7774,14145,3799,7027,7724,14055,25,45,50,90
1615938941,0,0,0,0,0,3849,7117,7824,14235,3824,7072,7774,14145,25,45,50,90
1615938942,0,0,0,0,0,3874,7163,7874,14327,3849,7117,7824,14235,25,46,50,92
1615938943,0,0,0,0,0,3899,7208,7924,14417,3874,7163,7874,14327,25,45,50,90
1615938944,0,0,0,0,0,3918,7242,7962,14485,3899,7208,7924,14417,19,34,38,68
1615938945,0,0,0,0,0,3944,7287,8014,14575,3918,7242,7962,14485,26,45,52,90
1615938946,0,0,0,0,0,3968,7332,8064,14665,3944,7287,8014,14575,24,45,50,90
1615938947,0,0,0,0,0,3994,7377,8114,14755,3968,7332,8064,14665,26,45,50,90
1615938948,0,0,0,0,0,4020,7423,8166,14847,3994,7377,8114,14755,26,46,52,92
1615938949,0,0,0,0,0,4044,7468,8214,14937,4020,7423,8166,14847,24,45,48,90
1615938950,0,0,0,0,0,4064,7502,8254,15005,4044,7468,8214,14937,20,34,40,68
1615938951,0,0,0,0,0,4088,7547,8302,15095,4064,7502,8254,15005,24,45,48,90
1615938952,0,0,0,0,0,4114,7594,8356,15189,4088,7547,8302,15095,26,47,54,94
1615938953,0,0,0,0,0,4140,7639,8406,15279,4114,7594,8356,15189,26,45,50,90
1615938954,0,0,0,0,0,4159,7673,8444,15347,4140,7639,8406,15279,19,34,38,68
1615938955,0,0,0,0,0,4183,7718,8494,15437,4159,7673,8444,15347,24,45,50,90
1615938956,0,0,0,0,0,4210,7764,8546,15529,4183,7718,8494,15437,27,46,52,92
1615938957,0,0,0,0,0,4233,7809,8594,15619,4210,7764,8546,15529,23,45,48,90
1615938958,0,0,0,0,0,4259,7854,8644,15709,4233,7809,8594,15619,26,45,50,90
1615938959,0,0,0,0,0,4278,7888,8682,15777,4259,7854,8644,15709,19,34,38,68
1615938960,0,0,0,0,0,4304,7933,8734,15867,4278,7888,8682,15777,26,45,52,90
1615938961,0,0,0,0,0,4331,7981,8788,15963,4304,7933,8734,15867,27,48,54,96
1615938962,0,0,0,0,0,4356,8028,8838,16057,4331,7981,8788,15963,25,47,50,94
1615938963,0,0,0,0,0,4375,8062,8876,16125,4356,8028,8838,16057,19,34,38,68
1615938964,0,0,0,0,0,4400,8107,8926,16215,4375,8062,8876,16125,25,45,50,90
1615938965,0,0,0,0,0,4425,8152,8978,16305,4400,8107,8926,16215,25,45,52,90
1615938966,0,0,0,0,0,4451,8197,9028,16395,4425,8152,8978,16305,26,45,50,90
1615938967,0,0,0,0,0,4476,8242,9078,16485,4451,8197,9028,16395,25,45,50,90
1615938968,0,0,0,0,0,4495,8276,9116,16553,4476,8242,9078,16485,19,34,38,68
1615938969,0,0,0,0,0,4520,8321,9166,16643,4495,8276,9116,16553,25,45,50,90
1615938970,0,0,0,0,0,4545,8366,9216,16733,4520,8321,9166,16643,25,45,50,90
1615938971,0,0,0,0,0,4570,8412,9266,16825,4545,8366,9216,16733,25,46,50,92
1615938972,0,0,0,0,0,4596,8457,9318,16915,4570,8412,9266,16825,26,45,52,90
1615938973,0,0,0,0,0,4614,8491,9354,16983,4596,8457,9318,16915,18,34,36,68
1615938974,0,0,0,0,0,4639,8536,9406,17073,4614,8491,9354,16983,25,45,52,90
1615938975,0,0,0,0,0,4665,8581,9456,17163,4639,8536,9406,17073,26,45,50,90
1615938976,0,0,0,0,0,4690,8626,9506,17253,4665,8581,9456,17163,25,45,50,90
1615938977,0,0,0,0,0,4716,8674,9558,17349,4690,8626,9506,17253,26,48,52,96
1615938978,0,0,0,0,0,4735,8708,9596,17417,4716,8674,9558,17349,19,34,38,68
1615938979,0,0,0,0,0,4760,8753,9646,17507,4735,8708,9596,17417,25,45,50,90
1615938980,0,0,0,0,0,4785,8798,9698,17597,4760,8753,9646,17507,25,45,52,90
1615938981,0,0,0,0,0,4811,8843,9748,17687,4785,8798,9698,17597,26,45,50,90
1615938982,0,0,0,0,0,4836,8888,9798,17777,4811,8843,9748,17687,25,45,50,90
1615938983,0,0,0,0,0,4855,8924,9838,17849,4836,8888,9798,17777,19,36,40,72
1615938984,0,0,0,0,0,4881,8970,9888,17941,4855,8924,9838,17849,26,46,50,92
1615938985,0,0,0,0,0,4906,9015,9938,18031,4881,8970,9888,17941,25,45,50,90
1615938986,0,0,0,0,0,4931,9060,9990,18121,4906,9015,9938,18031,25,45,52,90
1615938987,0,0,0,0,0,4951,9094,10028,18189,4931,9060,9990,18121,20,34,38,68
1615938988,0,0,0,0,0,4975,9139,10078,18279,4951,9094,10028,18189,24,45,50,90
1615938989,0,0,0,0,0,5001,9184,10128,18369,4975,9139,10078,18279,26,45,50,90
1615938990,0,0,0,0,0,5026,9229,10178,18459,5001,9184,10128,18369,25,45,50,90
1615938991,0,0,0,0,0,5051,9275,10228,18551,5026,9229,10178,18459,25,46,50,92
1615938992,0,0,0,0,0,5071,9309,10268,18619,5051,9275,10228,18551,20,34,40,68
1615938993,0,0,0,0,0,5072,9315,10272,18631,5071,9309,10268,18619,1,6,4,12
1615938994,0,0,0,0,0,5072,9315,10272,18631,5072,9315,10272,18631,0,0,0,0
1615938995,0,0,0,0,0,5072,9315,10272,18631,5072,9315,10272,18631,0,0,0,0
1615938996,0,0,0,0,0,5072,9315,10272,18631,5072,9315,10272,18631,0,0,0,0
1615938997,0,0,0,0,0,5072,9315,10272,18631,5072,9315,10272,18631,0,0,0,0
1615938998,0,0,0,0,0,5072,9315,10272,18631,5072,9315,10272,18631,0,0,0,0
1615938999,0,0,0,0,0,5178,9370,10329,18741,5072,9315,10272,18631,106,55,57,110
1615939000,0,1,0,0,0,5202,9415,10377,18831,5178,9370,10329,18741,24,45,48,90
1615939001,0,1,0,0,0,5222,9449,10417,18899,5202,9415,10377,18831,20,34,40,68
1615939002,0,0,0,0,0,5246,9494,10465,18989,5222,9449,10417,18899,24,45,48,90
1615939003,0,0,0,0,0,5272,9539,10517,19079,5246,9494,10465,18989,26,45,52,90
1615939004,0,0,0,0,0,5297,9586,10569,19173,5272,9539,10517,19079,25,47,52,94
1615939005,0,0,0,0,0,5323,9631,10619,19263,5297,9586,10569,19173,26,45,50,90
1615939006,0,0,0,0,0,5342,9665,10657,19331,5323,9631,10619,19263,19,34,38,68
1615939007,0,0,0,0,0,5367,9710,10707,19421,5342,9665,10657,19331,25,45,50,90
1615939008,0,0,0,0,0,5392,9756,10757,19513,5367,9710,10707,19421,25,46,50,92
1615939009,0,0,0,0,0,5418,9801,10809,19603,5392,9756,10757,19513,26,45,52,90
1615939010,0,0,0,0,0,5437,9837,10849,19675,5418,9801,10809,19603,19,36,40,72
1615939011,0,0,0,0,0,5463,9882,10899,19765,5437,9837,10849,19675,26,45,50,90
1615939012,0,0,0,0,0,5487,9927,10949,19855,5463,9882,10899,19765,24,45,50,90
1615939013,0,0,0,0,0,5513,9972,10999,19945,5487,9927,10949,19855,26,45,50,90
1615939014,0,0,0,0,0,5538,10018,11049,20037,5513,9972,10999,19945,25,46,50,92
1615939015,0,0,0,0,0,5557,10052,11087,20105,5538,10018,11049,20037,19,34,38,68
1615939016,0,0,0,0,0,5582,10097,11137,20195,5557,10052,11087,20105,25,45,50,90
1615939017,0,0,0,0,0,5607,10142,11189,20285,5582,10097,11137,20195,25,45,52,90
1615939018,0,0,0,0,0,5633,10187,11239,20375,5607,10142,11189,20285,26,45,50,90
1615939019,0,0,0,0,0,5658,10232,11289,20465,5633,10187,11239,20375,25,45,50,90
1615939020,0,0,0,0,0,5684,10278,11341,20557,5658,10232,11289,20465,26,46,52,92
1615939021,0,0,0,0,0,5702,10311,11377,20623,5684,10278,11341,20557,18,33,36,66
1615939022,0,0,0,0,0,5726,10356,11427,20713,5702,10311,11377,20623,24,45,50,90
1615939023,0,0,0,0,0,5752,10402,11477,20805,5726,10356,11427,20713,26,46,50,92
1615939024,0,0,0,0,0,5777,10447,11529,20895,5752,10402,11477,20805,25,45,52,90
1615939025,0,0,0,0,0,5797,10483,11569,20967,5777,10447,11529,20895,20,36,40,72
1615939026,0,0,0,0,0,5824,10530,11621,21061,5797,10483,11569,20967,27,47,52,94
1615939027,0,0,0,0,0,5849,10576,11671,21153,5824,10530,11621,21061,25,46,50,92
1615939028,0,0,0,0,0,5874,10621,11721,21243,5849,10576,11671,21153,25,45,50,90
1615939029,0,0,0,0,0,5893,10655,11759,21311,5874,10621,11721,21243,19,34,38,68
1615939030,0,0,0,0,0,5919,10700,11811,21401,5893,10655,11759,21311,26,45,52,90
1615939031,0,0,0,0,0,5944,10747,11863,21495,5919,10700,11811,21401,25,47,52,94
1615939032,0,0,0,0,0,5971,10793,11915,21587,5944,10747,11863,21495,27,46,52,92
1615939033,0,0,0,0,0,5995,10838,11963,21677,5971,10793,11915,21587,24,45,48,90
1615939034,0,0,0,0,0,6014,10871,12001,21743,5995,10838,11963,21677,19,33,38,66
1615939035,0,0,0,0,0,6039,10917,12051,21835,6014,10871,12001,21743,25,46,50,92
1615939036,0,0,0,0,0,6065,10962,12103,21925,6039,10917,12051,21835,26,45,52,90
1615939037,0,0,0,0,0,6091,11009,12155,22019,6065,10962,12103,21925,26,47,52,94
1615939038,0,0,0,0,0,6110,11043,12193,22087,6091,11009,12155,22019,19,34,38,68
1615939039,0,0,0,0,0,6135,11088,12243,22177,6110,11043,12193,22087,25,45,50,90
1615939040,0,0,0,0,0,6161,11134,12295,22269,6135,11088,12243,22177,26,46,52,92
1615939041,0,0,0,0,0,6187,11181,12347,22363,6161,11134,12295,22269,26,47,52,94
1615939042,0,0,0,0,0,6206,11215,12385,22431,6187,11181,12347,22363,19,34,38,68
1615939043,0,0,0,0,0,6232,11262,12437,22525,6206,11215,12385,22431,26,47,52,94
1615939044,0,0,0,0,0,6258,11308,12489,22617,6232,11262,12437,22525,26,46,52,92
1615939045,0,0,0,0,0,6282,11353,12537,22707,6258,11308,12489,22617,24,45,48,90
1615939046,0,0,0,0,0,6302,11387,12577,22775,6282,11353,12537,22707,20,34,40,68
1615939047,0,0,0,0,0,6325,11432,12625,22865,6302,11387,12577,22775,23,45,48,90
1615939048,0,0,0,0,0,6352,11477,12677,22955,6325,11432,12625,22865,27,45,52,90
1615939049,0,0,0,0,0,6378,11524,12729,23049,6352,11477,12677,22955,26,47,52,94
1615939050,0,0,0,0,0,6397,11560,12769,23121,6378,11524,12729,23049,19,36,40,72
1615939051,0,0,0,0,0,6423,11606,12819,23213,6397,11560,12769,23121,26,46,50,92
1615939052,0,0,0,0,0,6448,11651,12869,23303,6423,11606,12819,23213,25,45,50,90
1615939053,0,0,0,0,0,6474,11696,12921,23393,6448,11651,12869,23303,26,45,52,90
1615939054,0,0,0,0,0,6499,11741,12971,23483,6474,11696,12921,23393,25,45,50,90
1615939055,0,0,0,0,0,6518,11775,13009,23551,6499,11741,12971,23483,19,34,38,68
1615939056,0,0,0,0,0,6544,11822,13061,23645,6518,11775,13009,23551,26,47,52,94
1615939057,0,0,0,0,0,6569,11865,13111,26729,6544,11822,13061,23645,25,43,50,3084
1615939058,0,69,0,0,0,6595,11974,13574,47655,6569,11865,13111,26729,26,109,463,20926
1615939059,0,0,0,0,0,6611,12042,14173,47791,6595,11974,13574,47655,16,68,599,136
1615939060,0,0,0,0,0,6625,12132,14873,47971,6611,12042,14173,47791,14,90,700,180
1615939061,0,0,0,0,0,6639,12226,15636,48159,6625,12132,14873,47971,14,94,763,188
1615939062,0,0,0,0,0,6653,12272,16397,48251,6639,12226,15636,48159,14,46,761,92
1615939063,0,0,0,0,0,6667,12313,17112,48334,6653,12272,16397,48251,14,41,715,83
1615939064,0,0,0,0,0,6679,12313,17757,48334,6667,12313,17112,48334,12,0,645,0
1615939065,0,0,0,0,0,6691,12313,18294,48334,6679,12313,17757,48334,12,0,537,0
1615939066,0,0,0,0,0,6706,12313,19055,48334,6691,12313,18294,48334,15,0,761,0
1615939067,0,0,0,0,0,6718,12313,19746,48334,6706,12313,19055,48334,12,0,691,0
1615939068,0,0,0,0,0,6718,12313,19746,48334,6718,12313,19746,48334,12,0,691,0
1615939069,0,0,0,0,0,21,109,85,219,6,73,55,147,15,36,30,72
1615939070,0,0,0,0,0,41,157,125,315,21,109,85,219,20,48,40,96
1615939071,0,0,0,0,0,56,193,155,387,41,157,125,315,15,36,30,72
1615939072,0,0,0,0,0,76,241,195,483,56,193,155,387,20,48,40,96
1615939073,0,0,0,0,0,96,289,235,579,76,241,195,483,20,48,40,96
1615939074,0,0,0,0,0,111,325,265,651,96,289,235,579,15,36,30,72
1615939075,0,0,0,0,0,131,373,305,747,111,325,265,651,20,48,40,96
1615939076,0,0,0,0,0,146,408,335,817,131,373,305,747,15,35,30,70
1615939077,0,0,0,0,0,166,456,375,913,146,408,335,817,20,48,40,96
1615939078,0,0,0,0,0,186,504,415,1009,166,456,375,913,20,48,40,96
1615939079,0,0,0,0,0,201,540,445,1081,186,504,415,1009,15,36,30,72
1615939080,0,0,0,0,0,221,588,485,1177,201,540,445,1081,20,48,40,96
1615939081,0,0,0,0,0,236,624,515,1249,221,588,485,1177,15,36,30,72
1615939082,0,0,0,0,0,256,672,555,1345,236,624,515,1249,20,48,40,96
1615939083,0,0,0,0,0,268,718,596,1437,256,672,555,1345,12,46,41,92
1615939084,0,0,0,0,0,279,752,634,1505,268,718,596,1437,11,34,38,68
1615939085,0,0,0,0,0,305,800,686,1601,279,752,634,1505,26,48,52,96
1615939086,0,0,0,0,0,331,845,738,1691,305,800,686,1601,26,45,52,90
1615939087,0,0,0,0,0,350,881,778,1763,331,845,738,1691,19,36,40,72
1615939088,0,0,0,0,0,377,928,830,1857,350,881,778,1763,27,47,52,94
1615939089,0,0,0,0,0,402,974,880,1949,377,928,830,1857,25,46,50,92
1615939090,0,0,0,0,0,427,1019,930,2039,402,974,880,1949,25,45,50,90
1615939091,0,0,0,0,0,445,1053,968,2107,427,1019,930,2039,18,34,38,68
1615939092,0,0,0,0,0,472,1098,1020,2197,445,1053,968,2107,27,45,52,90
1615939093,0,0,0,0,0,497,1145,1072,2291,472,1098,1020,2197,25,47,52,94
1615939094,0,0,0,0,0,524,1193,1124,2387,497,1145,1072,2291,27,48,52,96
1615939095,0,0,0,0,0,543,1227,1162,2455,524,1193,1124,2387,19,34,38,68
1615939096,0,0,0,0,0,569,1274,1216,2549,543,1227,1162,2455,26,47,54,94
1615939097,0,0,0,0,0,595,1319,1266,2639,569,1274,1216,2549,26,45,50,90
1615939098,0,0,0,0,0,620,1364,1316,2729,595,1319,1266,2639,25,45,50,90
1615939099,0,0,0,0,0,639,1398,1354,2797,620,1364,1316,2729,19,34,38,68
1615939100,0,0,0,0,0,665,1444,1406,2889,639,1398,1354,2797,26,46,52,92
1615939101,0,0,0,0,0,688,1489,1454,2979,665,1444,1406,2889,23,45,48,90
1615939102,0,0,0,0,0,714,1534,1504,3069,688,1489,1454,2979,26,45,50,90
1615939103,0,0,0,0,0,739,1579,1556,3159,714,1534,1504,3069,25,45,52,90
1615939104,0,0,0,0,0,759,1613,1594,3227,739,1579,1556,3159,20,34,38,68
1615939105,0,0,0,0,0,783,1658,1644,3317,759,1613,1594,3227,24,45,50,90
1615939106,0,0,0,0,0,809,1703,1694,3407,783,1658,1644,3317,26,45,50,90
1615939107,0,0,0,0,0,834,1748,1744,3497,809,1703,1694,3407,25,45,50,90
1615939108,0,0,0,0,0,859,1794,1794,3589,834,1748,1744,3497,25,46,50,92
1615939109,0,0,0,0,0,884,1839,1844,3679,859,1794,1794,3589,25,45,50,90
1615939110,0,0,0,0,0,903,1873,1882,3747,884,1839,1844,3679,19,34,38,68
1615939111,0,0,0,0,0,928,1918,1932,3837,903,1873,1882,3747,25,45,50,90
1615939112,0,0,0,0,0,953,1963,1984,3927,928,1918,1932,3837,25,45,52,90
1615939113,0,0,0,0,0,979,2008,2034,4017,953,1963,1984,3927,26,45,50,90
1615939114,0,0,0,0,0,1004,2053,2084,4107,979,2008,2034,4017,25,45,50,90
1615939115,0,0,0,0,0,1024,2089,2124,4179,1004,2053,2084,4107,20,36,40,72
1615939116,0,0,0,0,0,1049,2135,2174,4271,1024,2089,2124,4179,25,46,50,92
1615939117,0,0,0,0,0,1074,2180,2224,4361,1049,2135,2174,4271,25,45,50,90
1615939118,0,0,0,0,0,1100,2225,2276,4451,1074,2180,2224,4361,26,45,52,90
1615939119,0,0,0,0,0,1119,2259,2314,4519,1100,2225,2276,4451,19,34,38,68
1615939120,0,0,0,0,0,1144,2304,2364,4609,1119,2259,2314,4519,25,45,50,90
1615939121,0,0,0,0,0,1169,2349,2414,4699,1144,2304,2364,4609,25,45,50,90
1615939122,0,0,0,0,0,1194,2394,2464,4789,1169,2349,2414,4699,25,45,50,90
1615939123,0,0,0,0,0,1219,2440,2514,4881,1194,2394,2464,4789,25,46,50,92
1615939124,0,0,0,0,0,1239,2476,2554,4953,1219,2440,2514,4881,20,36,40,72
1615939125,0,0,0,0,0,1265,2521,2606,5043,1239,2476,2554,4953,26,45,52,90
1615939126,0,0,0,0,0,1291,2568,2658,5137,1265,2521,2606,5043,26,47,52,94
1615939127,0,0,0,0,0,1311,2604,2698,5209,1291,2568,2658,5137,20,36,40,72
1615939128,0,0,0,0,0,1336,2650,2748,5301,1311,2604,2698,5209,25,46,50,92
1615939129,0,0,0,0,0,1361,2695,2798,5391,1336,2650,2748,5301,25,45,50,90
1615939130,0,0,0,0,0,1387,2740,2850,5481,1361,2695,2798,5391,26,45,52,90
1615939131,0,0,0,0,0,1412,2785,2900,5571,1387,2740,2850,5481,25,45,50,90
1615939132,0,0,0,0,0,1431,2819,2938,5639,1412,2785,2900,5571,19,34,38,68
1615939133,0,0,0,0,0,1456,2864,2988,5729,1431,2819,2938,5639,25,45,50,90
1615939134,0,0,0,0,0,1480,2909,3038,5819,1456,2864,2988,5729,24,45,50,90
1615939135,0,0,0,0,0,1505,2955,3088,5911,1480,2909,3038,5819,25,46,50,92
1615939136,0,0,0,0,0,1531,3000,3138,6001,1505,2955,3088,5911,26,45,50,90
1615939137,0,0,0,0,0,1550,3034,3176,6069,1531,3000,3138,6001,19,34,38,68
1615939138,0,0,0,0,0,1575,3079,3226,6159,1550,3034,3176,6069,25,45,50,90
1615939139,0,0,0,0,0,1601,3124,3278,6249,1575,3079,3226,6159,26,45,52,90
1615939140,0,0,0,0,0,1627,3171,3330,6343,1601,3124,3278,6249,26,47,52,94
1615939141,0,0,0,0,0,1652,3217,3380,6435,1627,3171,3330,6343,25,46,50,92
1615939142,0,0,0,0,0,1671,3250,3418,6501,1652,3217,3380,6435,19,33,38,66
1615939143,0,0,0,0,0,1696,3296,3468,6593,1671,3250,3418,6501,25,46,50,92
1615939144,0,0,0,0,0,1721,3341,3518,6683,1696,3296,3468,6593,25,45,50,90
1615939145,0,0,0,0,0,1746,3386,3570,6773,1721,3341,3518,6683,25,45,52,90
1615939146,0,0,0,0,0,1772,3431,3620,6863,1746,3386,3570,6773,26,45,50,90
1615939147,0,0,0,0,0,1791,3465,3658,6931,1772,3431,3620,6863,19,34,38,68
1615939148,0,0,0,0,0,1815,3510,3708,7021,1791,3465,3658,6931,24,45,50,90
1615939149,0,0,0,0,0,1842,3556,3760,7113,1815,3510,3708,7021,27,46,52,92
1615939150,0,0,0,0,0,1866,3601,3808,7203,1842,3556,3760,7113,24,45,48,90
1615939151,0,0,0,0,0,1890,3646,3858,7293,1866,3601,3808,7203,24,45,50,90
1615939152,0,0,0,0,0,1910,3680,3896,7361,1890,3646,3858,7293,20,34,38,68
1615939153,0,0,0,0,0,1935,3725,3946,7451,1910,3680,3896,7361,25,45,50,90
1615939154,0,0,0,0,0,1960,3770,3998,7541,1935,3725,3946,7451,25,45,52,90
1615939155,0,0,0,0,0,1986,3815,4048,7631,1960,3770,3998,7541,26,45,50,90
1615939156,0,0,0,0,0,2011,3860,4098,7721,1986,3815,4048,7631,25,45,50,90
1615939157,0,0,0,0,0,2031,3896,4138,7793,2011,3860,4098,7721,20,36,40,72
1615939158,0,0,0,0,0,2056,3942,4188,7885,2031,3896,4138,7793,25,46,50,92
1615939159,0,0,0,0,0,2081,3987,4238,7975,2056,3942,4188,7885,25,45,50,90
1615939160,0,0,0,0,0,2107,4032,4290,8065,2081,3987,4238,7975,26,45,52,90
1615939161,0,0,0,0,0,2132,4077,4340,8155,2107,4032,4290,8065,25,45,50,90
1615939162,0,0,0,0,0,2151,4111,4378,8223,2132,4077,4340,8155,19,34,38,68
1615939163,0,0,0,0,0,2176,4156,4428,8313,2151,4111,4378,8223,25,45,50,90
1615939164,0,0,0,0,0,2202,4202,4480,8405,2176,4156,4428,8313,26,46,52,92
1615939165,0,0,0,0,0,2226,4247,4528,8495,2202,4202,4480,8405,24,45,48,90
1615939166,0,0,0,0,0,2251,4292,4578,8585,2226,4247,4528,8495,25,45,50,90
1615939167,0,0,0,0,0,2270,4326,4616,8653,2251,4292,4578,8585,19,34,38,68
1615939168,0,0,0,0,0,2295,4371,4666,8743,2270,4326,4616,8653,25,45,50,90
1615939169,0,0,0,0,0,2320,4416,4718,8833,2295,4371,4666,8743,25,45,52,90
1615939170,0,0,0,0,0,2347,4463,4770,8927,2320,4416,4718,8833,27,47,52,94
1615939171,0,0,0,0,0,2372,4509,4820,9019,2347,4463,4770,8927,25,46,50,92
1615939172,0,0,0,0,0,2391,4542,4858,9085,2372,4509,4820,9019,19,33,38,66
1615939173,0,0,0,0,0,2415,4588,4908,9177,2391,4542,4858,9085,24,46,50,92
1615939174,0,0,0,0,0,2442,4633,4960,9267,2415,4588,4908,9177,27,45,52,90
1615939175,0,0,0,0,0,2467,4678,5010,9357,2442,4633,4960,9267,25,45,50,90
1615939176,0,0,0,0,0,2492,4723,5060,9447,2467,4678,5010,9357,25,45,50,90
1615939177,0,0,0,0,0,2510,4757,5098,9515,2492,4723,5060,9447,18,34,38,68
1615939178,0,0,0,0,0,2536,4802,5148,9605,2510,4757,5098,9515,26,45,50,90
1615939179,0,0,0,0,0,2562,4848,5200,9697,2536,4802,5148,9605,26,46,52,92
1615939180,0,0,0,0,0,2585,4893,5248,9787,2562,4848,5200,9697,23,45,48,90
1615939181,0,0,0,0,0,2606,4929,5288,9859,2585,4893,5248,9787,21,36,40,72
1615939182,0,0,0,0,0,2632,4974,5340,9949,2606,4929,5288,9859,26,45,52,90
1615939183,0,0,0,0,0,2657,5019,5390,10039,2632,4974,5340,9949,25,45,50,90
1615939184,0,0,0,0,0,2682,5064,5440,10129,2657,5019,5390,10039,25,45,50,90
1615939185,0,0,0,0,0,2707,5109,5490,10219,2682,5064,5440,10129,25,45,50,90
1615939186,0,0,0,0,0,2732,5155,5540,10311,2707,5109,5490,10219,25,46,50,92
1615939187,0,0,0,0,0,2752,5191,5580,10383,2732,5155,5540,10311,20,36,40,72
1615939188,0,0,0,0,0,2778,5236,5632,10473,2752,5191,5580,10383,26,45,52,90
1615939189,0,0,0,0,0,2804,5283,5684,10567,2778,5236,5632,10473,26,47,52,94
1615939190,0,0,0,0,0,2825,5320,5726,10641,2804,5283,5684,10567,21,37,42,74
1615939191,0,0,0,0,0,2852,5369,5780,10739,2825,5320,5726,10641,27,49,54,98
1615939192,0,0,0,0,0,2871,5403,5818,10807,2852,5369,5780,10739,19,34,38,68
1615939193,0,0,0,0,0,2896,5448,5868,10897,2871,5403,5818,10807,25,45,50,90
1615939194,0,0,0,0,0,2922,5496,5920,10993,2896,5448,5868,10897,26,48,52,96
1615939195,0,0,0,0,0,2948,5541,5972,11083,2922,5496,5920,10993,26,45,52,90
1615939196,0,0,0,0,0,2966,5575,6008,11151,2948,5541,5972,11083,18,34,36,68
1615939197,0,0,0,0,0,2992,5620,6060,11241,2966,5575,6008,11151,26,45,52,90
1615939198,0,0,0,0,0,3016,5665,6110,11331,2992,5620,6060,11241,24,45,50,90
1615939199,0,0,0,0,0,3041,5710,6160,11421,3016,5665,6110,11331,25,45,50,90
1615939200,0,0,0,0,0,3068,5758,6212,11517,3041,5710,6160,11421,27,48,52,96
1615939201,0,0,0,0,0,3087,5792,6250,11585,3068,5758,6212,11517,19,34,38,68
1615939202,0,0,0,0,0,3114,5839,6304,11679,3087,5792,6250,11585,27,47,54,94
1615939203,0,0,0,0,0,3140,5886,6356,11773,3114,5839,6304,11679,26,47,52,94
1615939204,0,0,0,0,0,3159,5920,6394,11841,3140,5886,6356,11773,19,34,38,68
1615939205,0,0,0,0,0,3185,5966,6446,11933,3159,5920,6394,11841,26,46,52,92
1615939206,0,0,0,0,0,3209,6011,6494,12023,3185,5966,6446,11933,24,45,48,90
1615939207,0,0,0,0,0,3234,6056,6544,12113,3209,6011,6494,12023,25,45,50,90
1615939208,0,0,0,0,0,3260,6101,6596,12203,3234,6056,6544,12113,26,45,52,90
1615939209,0,0,0,0,0,3279,6135,6634,12271,3260,6101,6596,12203,19,34,38,68
1615939210,0,0,0,0,0,3303,6180,6684,12361,3279,6135,6634,12271,24,45,50,90
1615939211,0,0,0,0,0,3329,6225,6734,12451,3303,6180,6684,12361,26,45,50,90
1615939212,0,0,0,0,0,3355,6271,6786,12543,3329,6225,6734,12451,26,46,52,92
1615939213,0,0,0,0,0,3379,6316,6834,12633,3355,6271,6786,12543,24,45,48,90
1615939214,0,0,0,0,0,3399,6352,6874,12705,3379,6316,6834,12633,20,36,40,72
1615939215,0,0,0,0,0,3425,6397,6926,12795,3399,6352,6874,12705,26,45,52,90
1615939216,0,0,0,0,0,3451,6444,6978,12889,3425,6397,6926,12795,26,47,52,94
1615939217,0,0,0,0,0,3476,6490,7030,12981,3451,6444,6978,12889,25,46,52,92
1615939218,0,0,0,0,0,3496,6524,7068,13049,3476,6490,7030,12981,20,34,38,68
1615939219,0,0,0,0,0,3522,6571,7120,13143,3496,6524,7068,13049,26,47,52,94
1615939220,0,0,0,0,0,3547,6616,7170,13233,3522,6571,7120,13143,25,45,50,90
1615939221,0,0,0,0,0,3571,6661,7220,13323,3547,6616,7170,13233,24,45,50,90
1615939222,0,0,0,0,0,3591,6695,7258,13391,3571,6661,7220,13323,20,34,38,68
1615939223,0,0,0,0,0,3616,6740,7308,13481,3591,6695,7258,13391,25,45,50,90
1615939224,0,0,0,0,0,3642,6786,7360,13573,3616,6740,7308,13481,26,46,52,92
1615939225,0,0,0,0,0,3666,6831,7408,13663,3642,6786,7360,13573,24,45,48,90
1615939226,0,0,0,0,0,3686,6867,7448,13735,3666,6831,7408,13663,20,36,40,72
1615939227,0,0,0,0,0,3712,6912,7500,13825,3686,6867,7448,13735,26,45,52,90
1615939228,0,0,0,0,0,3737,6958,7550,13917,3712,6912,7500,13825,25,46,50,92
1615939229,0,0,0,0,0,3762,7002,7600,14005,3737,6958,7550,13917,25,44,50,88
1615939230,0,0,0,0,0,3788,7050,7652,14101,3762,7002,7600,14005,26,48,52,96
1615939231,0,0,0,0,0,3806,7084,7690,14169,3788,7050,7652,14101,18,34,38,68
1615939232,0,0,0,0,0,3834,7131,7744,14263,3806,7084,7690,14169,28,47,54,94
1615939233,0,0,0,0,0,3860,7178,7796,14357,3834,7131,7744,14263,26,47,52,94
1615939234,0,0,0,0,0,3879,7212,7834,14425,3860,7178,7796,14357,19,34,38,68
1615939235,0,0,0,0,0,3905,7260,7886,14521,3879,7212,7834,14425,26,48,52,96
1615939236,0,0,0,0,0,3930,7305,7938,14611,3905,7260,7886,14521,25,45,52,90
1615939237,0,0,0,0,0,3956,7350,7988,14701,3930,7305,7938,14611,26,45,50,90
1615939238,0,0,0,0,0,3975,7384,8026,14769,3956,7350,7988,14701,19,34,38,68
1615939239,0,0,0,0,0,4001,7431,8078,14863,3975,7384,8026,14769,26,47,52,94
1615939240,0,0,0,0,0,4026,7477,8128,14955,4001,7431,8078,14863,25,46,50,92
1615939241,0,0,0,0,0,4046,7513,8168,15027,4026,7477,8128,14955,20,36,40,72
1615939242,0,0,0,0,0,4072,7558,8220,15117,4046,7513,8168,15027,26,45,52,90
1615939243,0,0,0,0,0,4097,7603,8270,15207,4072,7558,8220,15117,25,45,50,90
1615939244,0,0,0,0,0,4123,7650,8322,15301,4097,7603,8270,15207,26,47,52,94
1615939245,0,0,0,0,0,4148,7696,8372,15393,4123,7650,8322,15301,25,46,50,92
1615939246,0,0,0,0,0,4167,7730,8410,15461,4148,7696,8372,15393,19,34,38,68
1615939247,0,0,0,0,0,4193,7777,8464,15555,4167,7730,8410,15461,26,47,54,94
1615939248,0,0,0,0,0,4219,7822,8514,15645,4193,7777,8464,15555,26,45,50,90
1615939249,0,0,0,0,0,4244,7867,8564,15735,4219,7822,8514,15645,25,45,50,90
1615939250,0,0,0,0,0,4263,7901,8602,15803,4244,7867,8564,15735,19,34,38,68
1615939251,0,0,0,0,0,4288,7946,8652,15893,4263,7901,8602,15803,25,45,50,90
1615939252,0,0,0,0,0,4313,7992,8702,15985,4288,7946,8652,15893,25,46,50,92
1615939253,0,0,0,0,0,4340,8039,8756,16079,4313,7992,8702,15985,27,47,54,94
1615939254,0,0,0,0,0,4359,8073,8794,16147,4340,8039,8756,16079,19,34,38,68
1615939255,0,0,0,0,0,4385,8120,8846,16241,4359,8073,8794,16147,26,47,52,94
1615939256,0,0,0,0,0,4410,8165,8896,16331,4385,8120,8846,16241,25,45,50,90
1615939257,0,0,0,0,0,4435,8211,8946,16423,4410,8165,8896,16331,25,46,50,92
1615939258,0,0,0,0,0,4454,8245,8984,16491,4435,8211,8946,16423,19,34,38,68
1615939259,0,0,0,0,0,4481,8292,9038,16585,4454,8245,8984,16491,27,47,54,94
1615939260,0,0,0,0,0,4507,8339,9090,16679,4481,8292,9038,16585,26,47,52,94
1615939261,0,0,0,0,0,4532,8385,9140,16771,4507,8339,9090,16679,25,46,50,92
1615939262,0,0,0,0,0,4551,8418,9178,16837,4532,8385,9140,16771,19,33,38,66
1615939263,0,0,0,0,0,4571,8457,9218,16915,4551,8418,9178,16837,20,39,40,78
1615939264,0,0,0,0,0,4571,8457,9218,16915,4571,8457,9218,16915,0,0,0,0
1615939265,0,0,0,0,0,4571,8457,9218,16915,4571,8457,9218,16915,0,0,0,0
1615939266,0,0,0,0,0,4571,8457,9218,16915,4571,8457,9218,16915,0,0,0,0
1615939267,0,0,0,0,0,4571,8457,9218,16915,4571,8457,9218,16915,0,0,0,0
1615939268,0,0,0,0,0,4571,8457,9218,16915,4571,8457,9218,16915,0,0,0,0
1615939269,0,0,0,0,0,4664,8513,9277,17027,4571,8457,9218,16915,93,56,59,112
1615939270,0,0,0,0,0,4691,8559,9329,17119,4664,8513,9277,17027,27,46,52,92
1615939271,0,0,0,0,0,4710,8595,9367,17191,4691,8559,9329,17119,19,36,38,72
1615939272,0,0,0,0,0,4736,8640,9419,17281,4710,8595,9367,17191,26,45,52,90
1615939273,0,0,0,0,0,4761,8685,9469,17371,4736,8640,9419,17281,25,45,50,90
1615939274,0,0,0,0,0,4785,8730,9519,17461,4761,8685,9469,17371,24,45,50,90
1615939275,0,0,0,0,0,4811,8775,9569,17551,4785,8730,9519,17461,26,45,50,90
1615939276,0,0,0,0,0,4830,8809,9607,17619,4811,8775,9569,17551,19,34,38,68
1615939277,0,0,0,0,0,4855,8854,9657,17709,4830,8809,9607,17619,25,45,50,90
1615939278,0,0,0,0,0,4880,8900,9707,17801,4855,8854,9657,17709,25,46,50,92
1615939279,0,0,0,0,0,4906,8947,9761,17895,4880,8900,9707,17801,26,47,54,94
1615939280,0,0,0,0,0,4925,8981,9799,17963,4906,8947,9761,17895,19,34,38,68
1615939281,0,0,0,0,0,4950,9026,9849,18053,4925,8981,9799,17963,25,45,50,90
1615939282,0,0,0,0,0,4976,9071,9899,18143,4950,9026,9849,18053,26,45,50,90
1615939283,0,0,0,0,0,5001,9119,9951,18239,4976,9071,9899,18143,25,48,52,96
1615939284,0,0,0,0,0,5021,9153,9989,18307,5001,9119,9951,18239,20,34,38,68
1615939285,0,0,0,0,0,5046,9198,10039,18397,5021,9153,9989,18307,25,45,50,90
1615939286,0,0,0,0,0,5071,9243,10091,18487,5046,9198,10039,18397,25,45,52,90
1615939287,0,0,0,0,0,5097,9288,10141,18577,5071,9243,10091,18487,26,45,50,90
1615939288,0,0,0,0,0,5122,9333,10191,18667,5097,9288,10141,18577,25,45,50,90
1615939289,0,0,0,0,0,5148,9379,10243,18759,5122,9333,10191,18667,26,46,52,92
1615939290,0,0,0,0,0,5167,9413,10281,18827,5148,9379,10243,18759,19,34,38,68
1615939291,0,0,0,0,0,5192,9460,10331,18921,5167,9413,10281,18827,25,47,50,94
1615939292,0,0,0,0,0,5218,9505,10383,19011,5192,9460,10331,18921,26,45,52,90
1615939293,0,0,0,0,0,5237,9539,10421,19079,5218,9505,10383,19011,19,34,38,68
1615939294,0,0,0,0,0,5262,9586,10473,19173,5237,9539,10421,19079,25,47,52,94
1615939295,0,0,0,0,0,5289,9632,10525,19265,5262,9586,10473,19173,27,46,52,92
1615939296,0,0,0,0,0,5313,9677,10573,19355,5289,9632,10525,19265,24,45,48,90
1615939297,0,0,0,0,0,5338,9722,10623,19445,5313,9677,10573,19355,25,45,50,90
1615939298,0,0,0,0,0,5357,9756,10661,19513,5338,9722,10623,19445,19,34,38,68
1615939299,0,0,0,0,0,5383,9801,10713,19603,5357,9756,10661,19513,26,45,52,90
1615939300,0,0,0,0,0,5408,9846,10763,19693,5383,9801,10713,19603,25,45,50,90
1615939301,0,0,0,0,0,5433,9891,10813,19783,5408,9846,10763,19693,25,45,50,90
1615939302,0,0,0,0,0,5458,9936,10863,19873,5433,9891,10813,19783,25,45,50,90
1615939303,0,0,0,0,0,5483,9982,10913,19965,5458,9936,10863,19873,25,46,50,92
1615939304,0,0,0,0,0,5503,10016,10953,20033,5483,9982,10913,19965,20,34,40,68
1615939305,0,0,0,0,0,5527,10061,11001,20123,5503,10016,10953,20033,24,45,48,90
1615939306,0,0,0,0,0,5554,10108,11055,20217,5527,10061,11001,20123,27,47,54,94
1615939307,0,0,0,0,0,5579,10153,11105,20307,5554,10108,11055,20217,25,45,50,90
1615939308,0,0,0,0,0,5598,10187,11143,20375,5579,10153,11105,20307,19,34,38,68
1615939309,0,0,0,0,0,5623,10232,11193,20465,5598,10187,11143,20375,25,45,50,90
1615939310,0,0,0,0,0,5649,10278,11245,20557,5623,10232,11193,20465,26,46,52,92
1615939311,0,0,0,0,0,5673,10323,11293,20647,5649,10278,11245,20557,24,45,48,90
1615939312,0,0,0,0,0,5700,10370,11347,20741,5673,10323,11293,20647,27,47,54,94
1615939313,0,0,0,0,0,5719,10404,11385,20809,5700,10370,11347,20741,19,34,38,68
1615939314,0,0,0,0,0,5745,10451,11437,20903,5719,10404,11385,20809,26,47,52,94
1615939315,0,0,0,0,0,5770,10496,11487,20993,5745,10451,11437,20903,25,45,50,90
1615939316,0,0,0,0,0,5790,10533,11527,21067,5770,10496,11487,20993,20,37,40,74
1615939317,0,0,0,0,0,5816,10578,11579,21157,5790,10533,11527,21067,26,45,52,90
1615939318,0,0,0,0,0,5841,10623,11629,21247,5816,10578,11579,21157,25,45,50,90
1615939319,0,0,0,0,0,5866,10668,11679,21337,5841,10623,11629,21247,25,45,50,90
1615939320,0,0,0,0,0,5892,10714,11731,21429,5866,10668,11679,21337,26,46,52,92
1615939321,0,0,0,0,0,5910,10747,11767,21495,5892,10714,11731,21429,18,33,36,66
1615939322,0,0,0,0,0,5936,10795,11819,21591,5910,10747,11767,21495,26,48,52,96
1615939323,0,0,0,0,0,5962,10840,11871,21681,5936,10795,11819,21591,26,45,52,90
1615939324,0,0,0,0,0,5987,10885,11921,21771,5962,10840,11871,21681,25,45,50,90
1615939325,0,0,0,0,0,6005,10919,11959,21839,5987,10885,11921,21771,18,34,38,68
1615939326,0,0,0,0,0,6032,10966,12011,21933,6005,10919,11959,21839,27,47,52,94
1615939327,0,0,0,0,0,6057,11003,12061,27603,6032,10966,12011,21933,25,37,50,5670
1615939328,0,61,0,0,0,6083,11128,12616,44231,6057,11003,12061,27603,26,125,555,16628
1615939329,0,0,0,0,0,6098,11196,13088,44367,6083,11128,12616,44231,15,68,472,136
1615939330,0,0,0,0,0,6112,11290,13829,44555,6098,11196,13088,44367,14,94,741,188
1615939331,0,0,0,0,0,6126,11378,14538,44731,6112,11290,13829,44555,14,88,709,176
1615939332,0,0,0,0,0,6140,11424,15237,44823,6126,11378,14538,44731,14,46,699,92
1615939333,0,0,0,0,0,6150,11457,15800,44889,6140,11424,15237,44823,10,33,563,66
1615939334,0,0,0,0,0,6165,11503,16369,44981,6150,11457,15800,44889,15,46,569,92
1615939335,0,0,0,0,0,6179,11531,16996,45038,6165,11503,16369,44981,14,28,627,57
1615939336,0,0,0,0,0,6191,11531,17454,45038,6179,11531,16996,45038,12,0,458,0
1615939337,0,0,0,0,0,6203,11531,18135,45038,6191,11531,17454,45038,12,0,681,0
1615939338,0,0,0,0,0,6203,11531,18135,45038,6203,11531,18135,45038,12,0,681,0
1615939339,0,0,0,0,0,20,109,85,219,5,73,55,147,15,36,30,72
1615939340,0,0,0,0,0,40,157,125,315,20,109,85,219,20,48,40,96
1615939341,0,0,0,0,0,55,193,155,387,40,157,125,315,15,36,30,72
1615939342,0,0,0,0,0,75,241,195,483,55,193,155,387,20,48,40,96
1615939343,0,0,0,0,0,95,289,235,579,75,241,195,483,20,48,40,96
1615939344,0,0,0,0,0,110,325,265,651,95,289,235,579,15,36,30,72
1615939345,0,0,0,0,0,130,373,305,747,110,325,265,651,20,48,40,96
1615939346,0,0,0,0,0,145,408,335,817,130,373,305,747,15,35,30,70
1615939347,0,0,0,0,0,165,456,375,913,145,408,335,817,20,48,40,96
1615939348,0,0,0,0,0,185,504,415,1009,165,456,375,913,20,48,40,96
1615939349,0,0,0,0,0,200,540,445,1081,185,504,415,1009,15,36,30,72
1615939350,0,0,0,0,0,220,588,485,1177,200,540,445,1081,20,48,40,96
1615939351,0,0,0,0,0,235,624,515,1249,220,588,485,1177,15,36,30,72
1615939352,0,0,0,0,0,255,672,555,1345,235,624,515,1249,20,48,40,96
1615939353,0,0,0,0,0,267,719,598,1439,255,672,555,1345,12,47,43,94
1615939354,0,0,0,0,0,283,764,646,1529,267,719,598,1439,16,45,48,90
1615939355,0,0,0,0,0,304,800,686,1601,283,764,646,1529,21,36,40,72
1615939356,0,0,0,0,0,329,845,738,1691,304,800,686,1601,25,45,52,90
1615939357,0,0,0,0,0,355,890,788,1781,329,845,738,1691,26,45,50,90
1615939358,0,0,0,0,0,380,935,838,1871,355,890,788,1781,25,45,50,90
1615939359,0,0,0,0,0,399,969,876,1939,380,935,838,1871,19,34,38,68
1615939360,0,0,0,0,0,424,1014,926,2029,399,969,876,1939,25,45,50,90
1615939361,0,0,0,0,0,450,1060,978,2121,424,1014,926,2029,26,46,52,92
1615939362,0,0,0,0,0,474,1105,1026,2211,450,1060,978,2121,24,45,48,90
1615939363,0,0,0,0,0,499,1150,1076,2301,474,1105,1026,2211,25,45,50,90
1615939364,0,0,0,0,0,518,1184,1114,2369,499,1150,1076,2301,19,34,38,68
1615939365,0,0,0,0,0,544,1229,1166,2459,518,1184,1114,2369,26,45,52,90
1615939366,0,0,0,0,0,568,1274,1216,2549,544,1229,1166,2459,24,45,50,90
1615939367,0,0,0,0,0,593,1319,1266,2639,568,1274,1216,2549,25,45,50,90
1615939368,0,0,0,0,0,619,1364,1316,2729,593,1319,1266,2639,26,45,50,90
1615939369,0,0,0,0,0,644,1410,1366,2821,619,1364,1316,2729,25,46,50,92
1615939370,0,0,0,0,0,664,1446,1406,2893,644,1410,1366,2821,20,36,40,72
1615939371,0,0,0,0,0,690,1491,1458,2983,664,1446,1406,2893,26,45,52,90
1615939372,0,0,0,0,0,716,1538,1510,3077,690,1491,1458,2983,26,47,52,94
1615939373,0,0,0,0,0,736,1574,1550,3149,716,1538,1510,3077,20,36,40,72
1615939374,0,0,0,0,0,761,1620,1600,3241,736,1574,1550,3149,25,46,50,92
1615939375,0,0,0,0,0,786,1665,1650,3331,761,1620,1600,3241,25,45,50,90
1615939376,0,0,0,0,0,812,1710,1702,3421,786,1665,1650,3331,26,45,52,90
1615939377,0,0,0,0,0,831,1744,1740,3489,812,1710,1702,3421,19,34,38,68
1615939378,0,0,0,0,0,855,1789,1790,3579,831,1744,1740,3489,24,45,50,90
1615939379,0,0,0,0,0,880,1834,1840,3669,855,1789,1790,3579,25,45,50,90
1615939380,0,0,0,0,0,906,1879,1890,3759,880,1834,1840,3669,26,45,50,90
1615939381,0,0,0,0,0,931,1925,1940,3851,906,1879,1890,3759,25,46,50,92
1615939382,0,0,0,0,0,951,1959,1980,3919,931,1925,1940,3851,20,34,40,68
1615939383,0,0,0,0,0,975,2004,2028,4009,951,1959,1980,3919,24,45,48,90
1615939384,0,0,0,0,0,1000,2049,2078,4099,975,2004,2028,4009,25,45,50,90
1615939385,0,0,0,0,0,1027,2096,2132,4193,1000,2049,2078,4099,27,47,54,94
1615939386,0,0,0,0,0,1053,2142,2184,4285,1027,2096,2132,4193,26,46,52,92
1615939387,0,0,0,0,0,1071,2175,2220,4351,1053,2142,2184,4285,18,33,36,66
1615939388,0,0,0,0,0,1097,2223,2272,4447,1071,2175,2220,4351,26,48,52,96
1615939389,0,0,0,0,0,1123,2268,2324,4537,1097,2223,2272,4447,26,45,52,90
1615939390,0,0,0,0,0,1142,2304,2364,4609,1123,2268,2324,4537,19,36,40,72
1615939391,0,0,0,0,0,1168,2349,2414,4699,1142,2304,2364,4609,26,45,50,90
1615939392,0,0,0,0,0,1194,2395,2466,4791,1168,2349,2414,4699,26,46,52,92
1615939393,0,0,0,0,0,1217,2440,2514,4881,1194,2395,2466,4791,23,45,48,90
1615939394,0,0,0,0,0,1242,2485,2564,4971,1217,2440,2514,4881,25,45,50,90
1615939395,0,0,0,0,0,1262,2519,2602,5039,1242,2485,2564,4971,20,34,38,68
1615939396,0,0,0,0,0,1286,2564,2652,5129,1262,2519,2602,5039,24,45,50,90
1615939397,0,0,0,0,0,1312,2609,2704,5219,1286,2564,2652,5129,26,45,52,90
1615939398,0,0,0,0,0,1338,2654,2754,5309,1312,2609,2704,5219,26,45,50,90
1615939399,0,0,0,0,0,1363,2699,2804,5399,1338,2654,2754,5309,25,45,50,90
1615939400,0,0,0,0,0,1382,2735,2844,5471,1363,2699,2804,5399,19,36,40,72
1615939401,0,0,0,0,0,1408,2781,2894,5563,1382,2735,2844,5471,26,46,50,92
1615939402,0,0,0,0,0,1433,2826,2944,5653,1408,2781,2894,5563,25,45,50,90
1615939403,0,0,0,0,0,1458,2871,2996,5743,1433,2826,2944,5653,25,45,52,90
1615939404,0,0,0,0,0,1483,2916,3046,5833,1458,2871,2996,5743,25,45,50,90
1615939405,0,0,0,0,0,1503,2950,3084,5901,1483,2916,3046,5833,20,34,38,68
1615939406,0,0,0,0,0,1528,2995,3134,5991,1503,2950,3084,5901,25,45,50,90
1615939407,0,0,0,0,0,1550,3040,3184,6081,1528,2995,3134,5991,22,45,50,90
1615939408,0,0,0,0,0,1569,3088,3236,6177,1550,3040,3184,6081,19,48,52,96
1615939409,0,0,0,0,0,1588,3122,3274,6245,1569,3088,3236,6177,19,34,38,68
1615939410,0,0,0,0,0,1614,3167,3326,6335,1588,3122,3274,6245,26,45,52,90
1615939411,0,0,0,0,0,1640,3214,3378,6429,1614,3167,3326,6335,26,47,52,94
1615939412,0,0,0,0,0,1666,3262,3430,6525,1640,3214,3378,6429,26,48,52,96
1615939413,0,0,0,0,0,1685,3296,3468,6593,1666,3262,3430,6525,19,34,38,68
1615939414,0,0,0,0,0,1712,3343,3522,6687,1685,3296,3468,6593,27,47,54,94
1615939415,0,0,0,0,0,1736,3388,3572,6777,1712,3343,3522,6687,24,45,50,90
1615939416,0,0,0,0,0,1756,3424,3612,6849,1736,3388,3572,6777,20,36,40,72
1615939417,0,0,0,0,0,1782,3470,3662,6941,1756,3424,3612,6849,26,46,50,92
1615939418,0,0,0,0,0,1809,3517,3716,7035,1782,3470,3662,6941,27,47,54,94
1615939419,0,0,0,0,0,1835,3564,3768,7129,1809,3517,3716,7035,26,47,52,94
1615939420,0,0,0,0,0,1854,3598,3806,7197,1835,3564,3768,7129,19,34,38,68
1615939421,0,0,0,0,0,1879,3643,3856,7287,1854,3598,3806,7197,25,45,50,90
1615939422,0,0,0,0,0,1904,3689,3906,7379,1879,3643,3856,7287,25,46,50,92
1615939423,0,0,0,0,0,1930,3734,3958,7469,1904,3689,3906,7379,26,45,52,90
1615939424,0,0,0,0,0,1949,3770,3998,7541,1930,3734,3958,7469,19,36,40,72
1615939425,0,0,0,0,0,1975,3815,4048,7631,1949,3770,3998,7541,26,45,50,90
1615939426,0,0,0,0,0,2000,3860,4098,7721,1975,3815,4048,7631,25,45,50,90
1615939427,0,0,0,0,0,2026,3908,4150,7817,2000,3860,4098,7721,26,48,52,96
1615939428,0,0,0,0,0,2045,3942,4188,7885,2026,3908,4150,7817,19,34,38,68
1615939429,0,0,0,0,0,2070,3987,4238,7975,2045,3942,4188,7885,25,45,50,90
1615939430,0,0,0,0,0,2095,4032,4290,8065,2070,3987,4238,7975,25,45,52,90
1615939431,0,0,0,0,0,2121,4077,4340,8155,2095,4032,4290,8065,26,45,50,90
1615939432,0,0,0,0,0,2145,4122,4390,8245,2121,4077,4340,8155,24,45,50,90
1615939433,0,0,0,0,0,2165,4156,4428,8313,2145,4122,4390,8245,20,34,38,68
1615939434,0,0,0,0,0,2190,4201,4478,8403,2165,4156,4428,8313,25,45,50,90
1615939435,0,0,0,0,0,2215,4247,4528,8495,2190,4201,4478,8403,25,46,50,92
1615939436,0,0,0,0,0,2240,4292,4578,8585,2215,4247,4528,8495,25,45,50,90
1615939437,0,0,0,0,0,2266,4337,4630,8675,2240,4292,4578,8585,26,45,52,90
1615939438,0,0,0,0,0,2284,4371,4666,8743,2266,4337,4630,8675,18,34,36,68
1615939439,0,0,0,0,0,2310,4416,4718,8833,2284,4371,4666,8743,26,45,52,90
1615939440,0,0,0,0,0,2336,4463,4770,8927,2310,4416,4718,8833,26,47,52,94
1615939441,0,0,0,0,0,2361,4509,4820,9019,2336,4463,4770,8927,25,46,50,92
1615939442,0,0,0,0,0,2380,4545,4860,9091,2361,4509,4820,9019,19,36,40,72
1615939443,0,0,0,0,0,2407,4590,4912,9181,2380,4545,4860,9091,27,45,52,90
1615939444,0,0,0,0,0,2432,4635,4962,9271,2407,4590,4912,9181,25,45,50,90
1615939445,0,0,0,0,0,2457,4680,5012,9361,2432,4635,4962,9271,25,45,50,90
1615939446,0,0,0,0,0,2477,4716,5052,9433,2457,4680,5012,9361,20,36,40,72
1615939447,0,0,0,0,0,2502,4762,5102,9525,2477,4716,5052,9433,25,46,50,92
1615939448,0,0,0,0,0,2528,4809,5156,9619,2502,4762,5102,9525,26,47,54,94
1615939449,0,0,0,0,0,2553,4854,5206,9709,2528,4809,5156,9619,25,45,50,90
1615939450,0,0,0,0,0,2573,4888,5244,9777,2553,4854,5206,9709,20,34,38,68
1615939451,0,0,0,0,0,2600,4936,5298,9873,2573,4888,5244,9777,27,48,54,96
1615939452,0,0,0,0,0,2624,4981,5346,9963,2600,4936,5298,9873,24,45,48,90
1615939453,0,0,0,0,0,2650,5026,5398,10053,2624,4981,5346,9963,26,45,52,90
1615939454,0,0,0,0,0,2669,5062,5438,10125,2650,5026,5398,10053,19,36,40,72
1615939455,0,0,0,0,0,2695,5107,5488,10215,2669,5062,5438,10125,26,45,50,90
1615939456,0,0,0,0,0,2721,5155,5540,10311,2695,5107,5488,10215,26,48,52,96
1615939457,0,0,0,0,0,2740,5189,5580,10379,2721,5155,5540,10311,19,34,40,68
1615939458,0,0,0,0,0,2765,5234,5628,10469,2740,5189,5580,10379,25,45,48,90
1615939459,0,0,0,0,0,2791,5279,5680,10559,2765,5234,5628,10469,26,45,52,90
1615939460,0,0,0,0,0,2817,5326,5732,10653,2791,5279,5680,10559,26,47,52,94
1615939461,0,0,0,0,0,2843,5372,5784,10745,2817,5326,5732,10653,26,46,52,92
1615939462,0,0,0,0,0,2862,5408,5822,10817,2843,5372,5784,10745,19,36,38,72
1615939463,0,0,0,0,0,2887,5453,5872,10907,2862,5408,5822,10817,25,45,50,90
1615939464,0,0,0,0,0,2913,5498,5924,10997,2887,5453,5872,10907,26,45,52,90
1615939465,0,0,0,0,0,2938,5543,5974,11087,2913,5498,5924,10997,25,45,50,90
1615939466,0,0,0,0,0,2957,5577,6012,11155,2938,5543,5974,11087,19,34,38,68
1615939467,0,0,0,0,0,2983,5624,6064,11249,2957,5577,6012,11155,26,47,52,94
1615939468,0,0,0,0,0,3008,5670,6114,11341,2983,5624,6064,11249,25,46,50,92
1615939469,0,0,0,0,0,3033,5715,6164,11431,3008,5670,6114,11341,25,45,50,90
1615939470,0,0,0,0,0,3052,5749,6202,11499,3033,5715,6164,11431,19,34,38,68
1615939471,0,0,0,0,0,3078,5794,6254,11589,3052,5749,6202,11499,26,45,52,90
1615939472,0,0,0,0,0,3103,5841,6306,11683,3078,5794,6254,11589,25,47,52,94
1615939473,0,0,0,0,0,3130,5887,6358,11775,3103,5841,6306,11683,27,46,52,92
1615939474,0,0,0,0,0,3154,5932,6406,11865,3130,5887,6358,11775,24,45,48,90
1615939475,0,0,0,0,0,3173,5965,6444,11931,3154,5932,6406,11865,19,33,38,66
1615939476,0,0,0,0,0,3198,6011,6494,12023,3173,5965,6444,11931,25,46,50,92
1615939477,0,0,0,0,0,3224,6056,6546,12113,3198,6011,6494,12023,26,45,52,90
1615939478,0,0,0,0,0,3250,6103,6598,12207,3224,6056,6546,12113,26,47,52,94
1615939479,0,0,0,0,0,3269,6137,6636,12275,3250,6103,6598,12207,19,34,38,68
1615939480,0,0,0,0,0,3293,6182,6686,12365,3269,6137,6636,12275,24,45,50,90
1615939481,0,0,0,0,0,3319,6227,6736,12455,3293,6182,6686,12365,26,45,50,90
1615939482,0,0,0,0,0,3344,6273,6786,12547,3319,6227,6736,12455,25,46,50,92
1615939483,0,0,0,0,0,3370,6318,6838,12637,3344,6273,6786,12547,26,45,52,90
1615939484,0,0,0,0,0,3390,6354,6878,12709,3370,6318,6838,12637,20,36,40,72
1615939485,0,0,0,0,0,3414,6399,6928,12799,3390,6354,6878,12709,24,45,50,90
1615939486,0,0,0,0,0,3440,6444,6978,12889,3414,6399,6928,12799,26,45,50,90
1615939487,0,0,0,0,0,3465,6489,7028,12979,3440,6444,6978,12889,25,45,50,90
1615939488,0,0,0,0,0,3485,6524,7068,13049,3465,6489,7028,12979,20,35,40,70
1615939489,0,0,0,0,0,3509,6569,7116,13139,3485,6524,7068,13049,24,45,48,90
1615939490,0,0,0,0,0,3536,6616,7170,13233,3509,6569,7116,13139,27,47,54,94
1615939491,0,0,0,0,0,3562,6663,7222,13327,3536,6616,7170,13233,26,47,52,94
1615939492,0,0,0,0,0,3581,6697,7260,13395,3562,6663,7222,13327,19,34,38,68
1615939493,0,0,0,0,0,3606,6745,7312,13491,3581,6697,7260,13395,25,48,52,96
1615939494,0,0,0,0,0,3632,6790,7364,13581,3606,6745,7312,13491,26,45,52,90
1615939495,0,0,0,0,0,3658,6835,7414,13671,3632,6790,7364,13581,26,45,50,90
1615939496,0,0,0,0,0,3677,6869,7452,13739,3658,6835,7414,13671,19,34,38,68
1615939497,0,0,0,0,0,3702,6914,7502,13829,3677,6869,7452,13739,25,45,50,90
1615939498,0,0,0,0,0,3728,6960,7554,13921,3702,6914,7502,13829,26,46,52,92
1615939499,0,0,0,0,0,3753,7005,7604,14011,3728,6960,7554,13921,25,45,50,90
1615939500,0,0,0,0,0,3777,7050,7652,14101,3753,7005,7604,14011,24,45,48,90
1615939501,0,0,0,0,0,3796,7084,7690,14169,3777,7050,7652,14101,19,34,38,68
1615939502,0,0,0,0,0,3822,7131,7744,14263,3796,7084,7690,14169,26,47,54,94
1615939503,0,0,0,0,0,3849,7178,7796,14357,3822,7131,7744,14263,27,47,52,94
1615939504,0,0,0,0,0,3874,7224,7846,14449,3849,7178,7796,14357,25,46,50,92
1615939505,0,0,0,0,0,3894,7258,7886,14517,3874,7224,7846,14449,20,34,40,68
1615939506,0,0,0,0,0,3918,7303,7934,14607,3894,7258,7886,14517,24,45,48,90
1615939507,0,0,0,0,0,3945,7350,7988,14701,3918,7303,7934,14607,27,47,54,94
1615939508,0,0,0,0,0,3970,7395,8038,14791,3945,7350,7988,14701,25,45,50,90
1615939509,0,0,0,0,0,3990,7431,8078,14863,3970,7395,8038,14791,20,36,40,72
1615939510,0,0,0,0,0,4015,7477,8128,14955,3990,7431,8078,14863,25,46,50,92
1615939511,0,0,0,0,0,4041,7524,8182,15049,4015,7477,8128,14955,26,47,54,94
1615939512,0,0,0,0,0,4061,7558,8220,15117,4041,7524,8182,15049,20,34,38,68
1615939513,0,0,0,0,0,4087,7605,8272,15211,4061,7558,8220,15117,26,47,52,94
1615939514,0,0,0,0,0,4113,7651,8324,15303,4087,7605,8272,15211,26,46,52,92
1615939515,0,0,0,0,0,4137,7696,8372,15393,4113,7651,8324,15303,24,45,48,90
1615939516,0,0,0,0,0,4156,7730,8410,15461,4137,7696,8372,15393,19,34,38,68
1615939517,0,0,0,0,0,4183,7777,8464,15555,4156,7730,8410,15461,27,47,54,94
1615939518,0,0,0,0,0,4209,7824,8516,15649,4183,7777,8464,15555,26,47,52,94
1615939519,0,0,0,0,0,4234,7870,8566,15741,4209,7824,8516,15649,25,46,50,92
1615939520,0,0,0,0,0,4253,7903,8604,15807,4234,7870,8566,15741,19,33,38,66
1615939521,0,0,0,0,0,4278,7949,8654,15899,4253,7903,8604,15807,25,46,50,92
1615939522,0,0,0,0,0,4304,7994,8706,15989,4278,7949,8654,15899,26,45,52,90
1615939523,0,0,0,0,0,4330,8041,8758,16083,4304,7994,8706,15989,26,47,52,94
1615939524,0,0,0,0,0,4350,8077,8798,16155,4330,8041,8758,16083,20,36,40,72
1615939525,0,0,0,0,0,4370,8114,8838,16229,4350,8077,8798,16155,20,37,40,74
1615939526,0,0,0,0,0,4370,8114,8838,16229,4370,8114,8838,16229,0,0,0,0
1615939527,0,0,0,0,0,4370,8114,8838,16229,4370,8114,8838,16229,0,0,0,0
1615939528,0,0,0,0,0,4370,8114,8838,16229,4370,8114,8838,16229,0,0,0,0
1615939529,0,0,0,0,0,4370,8114,8838,16229,4370,8114,8838,16229,0,0,0,0
1615939530,0,0,0,0,0,4370,8114,8838,16229,4370,8114,8838,16229,0,0,0,0
1615939531,0,0,0,0,0,4370,8114,8838,16229,4370,8114,8838,16229,0,0,0,0
1615939532,0,0,0,0,0,4370,8114,8838,16229,4370,8114,8838,16229,0,0,0,0
1615939533,0,0,0,0,0,4370,8114,8838,16229,4370,8114,8838,16229,0,0,0,0
1615939534,0,0,0,0,0,4370,8114,8838,16229,4370,8114,8838,16229,0,0,0,0
1615939535,0,0,0,0,0,4370,8114,8838,16229,4370,8114,8838,16229,0,0,0,0
1615939536,0,0,0,0,0,4370,8114,8838,16229,4370,8114,8838,16229,0,0,0,0
1615939537,0,0,0,0,0,4546,8199,8927,16399,4370,8114,8838,16229,176,85,89,170
1615939538,0,0,0,0,0,4571,8245,8977,16491,4546,8199,8927,16399,25,46,50,92
1615939539,0,0,0,0,0,4597,8291,9029,16583,4571,8245,8977,16491,26,46,52,92
1615939540,0,0,0,0,0,4621,8335,9079,16671,4597,8291,9029,16583,24,44,50,88
1615939541,0,0,0,0,0,4640,8369,9115,16739,4621,8335,9079,16671,19,34,36,68
1615939542,0,0,0,0,0,4666,8414,9167,16829,4640,8369,9115,16739,26,45,52,90
1615939543,0,0,0,0,0,4691,8459,9217,16919,4666,8414,9167,16829,25,45,50,90
1615939544,0,0,0,0,0,4717,8505,9269,17011,4691,8459,9217,16919,26,46,52,92
1615939545,0,0,0,0,0,4741,8549,9317,17099,4717,8505,9269,17011,24,44,48,88
1615939546,0,0,0,0,0,4765,8595,9367,17191,4741,8549,9317,17099,24,46,50,92
1615939547,0,0,0,0,0,4785,8629,9405,17259,4765,8595,9367,17191,20,34,38,68
1615939548,0,0,0,0,0,4811,8676,9459,17353,4785,8629,9405,17259,26,47,54,94
1615939549,0,0,0,0,0,4836,8721,9509,17443,4811,8676,9459,17353,25,45,50,90
1615939550,0,0,0,0,0,4862,8766,9559,17533,4836,8721,9509,17443,26,45,50,90
1615939551,0,0,0,0,0,4881,8800,9597,17601,4862,8766,9559,17533,19,34,38,68
1615939552,0,0,0,0,0,4907,8846,9649,17693,4881,8800,9597,17601,26,46,52,92
1615939553,0,0,0,0,0,4931,8891,9697,17783,4907,8846,9649,17693,24,45,48,90
1615939554,0,0,0,0,0,4958,8938,9751,17877,4931,8891,9697,17783,27,47,54,94
1615939555,0,0,0,0,0,4977,8972,9789,17945,4958,8938,9751,17877,19,34,38,68
1615939556,0,0,0,0,0,5002,9017,9839,18035,4977,8972,9789,17945,25,45,50,90
1615939557,0,0,0,0,0,5027,9062,9889,18125,5002,9017,9839,18035,25,45,50,90
1615939558,0,0,0,0,0,5053,9110,9941,18221,5027,9062,9889,18125,26,48,52,96
1615939559,0,0,0,0,0,5072,9144,9979,18289,5053,9110,9941,18221,19,34,38,68
1615939560,0,0,0,0,0,5098,9191,10033,18383,5072,9144,9979,18289,26,47,54,94
1615939561,0,0,0,0,0,5124,9236,10083,18473,5098,9191,10033,18383,26,45,50,90
1615939562,0,0,0,0,0,5149,9281,10133,18563,5124,9236,10083,18473,25,45,50,90
1615939563,0,0,0,0,0,5175,9327,10185,18655,5149,9281,10133,18563,26,46,52,92
1615939564,0,0,0,0,0,5193,9361,10223,18723,5175,9327,10185,18655,18,34,38,68
1615939565,0,0,0,0,0,5217,9406,10271,18813,5193,9361,10223,18723,24,45,48,90
1615939566,0,0,0,0,0,5245,9453,10325,18907,5217,9406,10271,18813,28,47,54,94
1615939567,0,0,0,0,0,5270,9498,10375,18997,5245,9453,10325,18907,25,45,50,90
1615939568,0,0,0,0,0,5289,9532,10413,19065,5270,9498,10375,18997,19,34,38,68
1615939569,0,0,0,0,0,5314,9577,10463,19155,5289,9532,10413,19065,25,45,50,90
1615939570,0,0,0,0,0,5339,9622,10513,19245,5314,9577,10463,19155,25,45,50,90
1615939571,0,0,0,0,0,5363,9668,10563,19337,5339,9622,10513,19245,24,46,50,92
1615939572,0,0,0,0,0,5389,9713,10613,19427,5363,9668,10563,19337,26,45,50,90
1615939573,0,0,0,0,0,5408,9747,10651,19495,5389,9713,10613,19427,19,34,38,68
1615939574,0,0,0,0,0,5433,9792,10701,19585,5408,9747,10651,19495,25,45,50,90
1615939575,0,0,0,0,0,5459,9837,10753,19675,5433,9792,10701,19585,26,45,52,90
1615939576,0,0,0,0,0,5483,9882,10803,19765,5459,9837,10753,19675,24,45,50,90
1615939577,0,0,0,0,0,5509,9927,10853,19855,5483,9882,10803,19765,26,45,50,90
1615939578,0,0,0,0,0,5534,9972,10903,19945,5509,9927,10853,19855,25,45,50,90
1615939579,0,0,0,0,0,5554,10007,10943,20015,5534,9972,10903,19945,20,35,40,70
1615939580,0,0,0,0,0,5580,10054,10995,20109,5554,10007,10943,20015,26,47,52,94
1615939581,0,0,0,0,0,5605,10099,11045,20199,5580,10054,10995,20109,25,45,50,90
1615939582,0,0,0,0,0,5630,10144,11095,20289,5605,10099,11045,20199,25,45,50,90
1615939583,0,0,0,0,0,5649,10178,11133,20357,5630,10144,11095,20289,19,34,38,68
1615939584,0,0,0,0,0,5674,10223,11183,20447,5649,10178,11133,20357,25,45,50,90
1615939585,0,0,0,0,0,5700,10269,11235,20539,5674,10223,11183,20447,26,46,52,92
1615939586,0,0,0,0,0,5725,10316,11285,20633,5700,10269,11235,20539,25,47,50,94
1615939587,0,0,0,0,0,5749,10359,11333,20719,5725,10316,11285,20633,24,43,48,86
1615939588,0,0,0,0,0,5767,10393,11371,20787,5749,10359,11333,20719,18,34,38,68
1615939589,0,0,0,0,0,5793,10438,11421,20877,5767,10393,11371,20787,26,45,50,90
1615939590,0,0,0,0,0,5819,10483,11473,20967,5793,10438,11421,20877,26,45,52,90
1615939591,0,0,0,0,0,5845,10530,11525,21061,5819,10483,11473,20967,26,47,52,94
1615939592,0,0,0,0,0,5863,10564,11563,21129,5845,10530,11525,21061,18,34,38,68
1615939593,0,0,0,0,0,5890,10610,11615,21221,5863,10564,11563,21129,27,46,52,92
1615939594,0,0,0,0,0,5914,10655,11663,21311,5890,10610,11615,21221,24,45,48,90
1615939595,0,4,0,0,0,5940,10667,12056,42627,5914,10655,11663,21311,26,12,393,21316
1615939596,0,58,0,0,0,5962,10853,12662,42999,5940,10667,12056,42627,22,186,606,372
1615939597,0,0,0,0,0,5973,10923,12994,43139,5962,10853,12662,42999,11,70,332,140
1615939598,0,0,0,0,0,5986,11013,13692,43319,5973,10923,12994,43139,13,90,698,180
1615939599,0,0,0,0,0,6001,11054,14552,43402,5986,11013,13692,43319,15,41,860,83
1615939600,0,0,0,0,0,6013,11054,15161,43402,6001,11054,14552,43402,12,0,609,0
1615939601,0,0,0,0,0,6025,11054,15656,43402,6013,11054,15161,43402,12,0,495,0
1615939602,0,0,0,0,0,6041,11054,16427,43402,6025,11054,15656,43402,16,0,771,0
1615939603,0,0,0,0,0,6052,11054,17078,43402,6041,11054,16427,43402,11,0,651,0
1615939604,0,0,0,0,0,6063,11054,17852,43402,6052,11054,17078,43402,11,0,774,0
1615939605,0,0,0,0,0,6063,11054,17852,43402,6063,11054,17852,43402,11,0,774,0
1615939606,0,0,0,0,0,24,121,95,243,4,73,55,147,20,48,40,96
1615939607,0,0,0,0,0,39,157,125,315,24,121,95,243,15,36,30,72
1615939608,0,0,0,0,0,59,205,165,411,39,157,125,315,20,48,40,96
1615939609,0,0,0,0,0,74,241,195,483,59,205,165,411,15,36,30,72
1615939610,0,0,0,0,0,94,289,235,579,74,241,195,483,20,48,40,96
1615939611,0,0,0,0,0,114,337,275,675,94,289,235,579,20,48,40,96
1615939612,0,0,0,0,0,123,382,318,765,114,337,275,675,9,45,43,90
1615939613,0,0,0,0,0,137,418,358,837,123,382,318,765,14,36,40,72
1615939614,0,0,0,0,0,163,463,408,927,137,418,358,837,26,45,50,90
1615939615,0,0,0,0,0,187,508,458,1017,163,463,408,927,24,45,50,90
1615939616,0,0,0,0,0,213,554,510,1109,187,508,458,1017,26,46,52,92
1615939617,0,0,0,0,0,232,587,546,1175,213,554,510,1109,19,33,36,66
1615939618,0,0,0,0,0,257,633,596,1267,232,587,546,1175,25,46,50,92
1615939619,0,0,0,0,0,283,680,650,1361,257,633,596,1267,26,47,54,94
1615939620,0,0,0,0,0,310,727,702,1455,283,680,650,1361,27,47,52,94
1615939621,0,0,0,0,0,329,761,740,1523,310,727,702,1455,19,34,38,68
1615939622,0,0,0,0,0,355,809,792,1619,329,761,740,1523,26,48,52,96
1615939623,0,0,0,0,0,380,854,844,1709,355,809,792,1619,25,45,52,90
1615939624,0,0,0,0,0,399,888,880,1777,380,854,844,1709,19,34,36,68
1615939625,0,0,0,0,0,424,933,932,1867,399,888,880,1777,25,45,52,90
1615939626,0,0,0,0,0,451,980,984,1961,424,933,932,1867,27,47,52,94
1615939627,0,0,0,0,0,476,1026,1034,2053,451,980,984,1961,25,46,50,92
1615939628,0,0,0,0,0,496,1062,1074,2125,476,1026,1034,2053,20,36,40,72
1615939629,0,0,0,0,0,521,1107,1126,2215,496,1062,1074,2125,25,45,52,90
1615939630,0,0,0,0,0,548,1154,1178,2309,521,1107,1126,2215,27,47,52,94
1615939631,0,0,0,0,0,574,1200,1230,2401,548,1154,1178,2309,26,46,52,92
1615939632,0,0,0,0,0,592,1233,1266,2467,574,1200,1230,2401,18,33,36,66
1615939633,0,0,0,0,0,617,1279,1316,2559,592,1233,1266,2467,25,46,50,92
1615939634,0,0,0,0,0,643,1326,1370,2653,617,1279,1316,2559,26,47,54,94
1615939635,0,0,0,0,0,669,1371,1420,2743,643,1326,1370,2653,26,45,50,90
1615939636,0,0,0,0,0,687,1405,1458,2811,669,1371,1420,2743,18,34,38,68
1615939637,0,0,0,0,0,713,1450,1508,2901,687,1405,1458,2811,26,45,50,90
1615939638,0,0,0,0,0,739,1496,1560,2993,713,1450,1508,2901,26,46,52,92
1615939639,0,0,0,0,0,763,1541,1608,3083,739,1496,1560,2993,24,45,48,90
1615939640,0,0,0,0,0,782,1577,1648,3155,763,1541,1608,3083,19,36,40,72
1615939641,0,0,0,0,0,809,1622,1700,3245,782,1577,1648,3155,27,45,52,90
1615939642,0,0,0,0,0,834,1669,1752,3339,809,1622,1700,3245,25,47,52,94
1615939643,0,0,0,0,0,856,1706,1794,3413,834,1669,1752,3339,22,37,42,74
1615939644,0,0,0,0,0,880,1751,1842,3503,856,1706,1794,3413,24,45,48,90
1615939645,0,0,0,0,0,906,1796,1894,3593,880,1751,1842,3503,26,45,52,90
1615939646,0,0,0,0,0,930,1841,1944,3683,906,1796,1894,3593,24,45,50,90
1615939647,0,0,0,0,0,956,1886,1994,3773,930,1841,1944,3683,26,45,50,90
1615939648,0,0,0,0,0,981,1931,2044,3863,956,1886,1994,3773,25,45,50,90
1615939649,0,0,0,0,0,999,1965,2082,3931,981,1931,2044,3863,18,34,38,68
1615939650,0,0,0,0,0,1026,2011,2134,4023,999,1965,2082,3931,27,46,52,92
1615939651,0,0,0,0,0,1050,2056,2182,4113,1026,2011,2134,4023,24,45,48,90
1615939652,0,0,0,0,0,1078,2105,2238,4211,1050,2056,2182,4113,28,49,56,98
1615939653,0,0,0,0,0,1097,2139,2276,4279,1078,2105,2238,4211,19,34,38,68
1615939654,0,0,0,0,0,1122,2184,2326,4369,1097,2139,2276,4279,25,45,50,90
1615939655,0,0,0,0,0,1148,2230,2378,4461,1122,2184,2326,4369,26,46,52,92
1615939656,0,0,0,0,0,1172,2275,2426,4551,1148,2230,2378,4461,24,45,48,90
1615939657,0,0,0,0,0,1192,2309,2466,4619,1172,2275,2426,4551,20,34,40,68
1615939658,0,0,0,0,0,1218,2356,2518,4713,1192,2309,2466,4619,26,47,52,94
1615939659,0,0,0,0,0,1244,2403,2570,4807,1218,2356,2518,4713,26,47,52,94
1615939660,0,0,0,0,0,1269,2449,2620,4899,1244,2403,2570,4807,25,46,50,92
1615939661,0,0,0,0,0,1289,2485,2660,4971,1269,2449,2620,4899,20,36,40,72
1615939662,0,0,0,0,0,1314,2530,2712,5061,1289,2485,2660,4971,25,45,52,90
1615939663,0,0,0,0,0,1340,2575,2762,5151,1314,2530,2712,5061,26,45,50,90
1615939664,0,0,0,0,0,1365,2620,2812,5241,1340,2575,2762,5151,25,45,50,90
1615939665,0,0,0,0,0,1384,2656,2852,5313,1365,2620,2812,5241,19,36,40,72
1615939666,0,0,0,0,0,1412,2704,2906,5409,1384,2656,2852,5313,28,48,54,96
1615939667,0,0,0,0,0,1436,2749,2956,5499,1412,2704,2906,5409,24,45,50,90
1615939668,0,0,0,0,0,1456,2783,2994,5567,1436,2749,2956,5499,20,34,38,68
1615939669,0,0,0,0,0,1482,2830,3046,5661,1456,2783,2994,5567,26,47,52,94
1615939670,0,0,0,0,0,1508,2876,3098,5753,1482,2830,3046,5661,26,46,52,92
1615939671,0,0,0,0,0,1532,2921,3146,5843,1508,2876,3098,5753,24,45,48,90
1615939672,0,0,0,0,0,1551,2955,3184,5911,1532,2921,3146,5843,19,34,38,68
1615939673,0,0,0,0,0,1576,3000,3234,6001,1551,2955,3184,5911,25,45,50,90
1615939674,0,0,0,0,0,1602,3045,3286,6091,1576,3000,3234,6001,26,45,52,90
1615939675,0,0,0,0,0,1627,3090,3336,6181,1602,3045,3286,6091,25,45,50,90
1615939676,0,0,0,0,0,1652,3135,3386,6271,1627,3090,3336,6181,25,45,50,90
1615939677,0,0,0,0,0,1678,3181,3438,6363,1652,3135,3386,6271,26,46,52,92
1615939678,0,0,0,0,0,1695,3214,3474,6429,1678,3181,3438,6363,17,33,36,66
1615939679,0,0,0,0,0,1722,3262,3526,6525,1695,3214,3474,6429,27,48,52,96
1615939680,0,0,0,0,0,1748,3307,3578,6615,1722,3262,3526,6525,26,45,52,90
1615939681,0,0,0,0,0,1773,3352,3628,6705,1748,3307,3578,6615,25,45,50,90
1615939682,0,0,0,0,0,1792,3386,3666,6773,1773,3352,3628,6705,19,34,38,68
1615939683,0,0,0,0,0,1817,3429,3712,6859,1792,3386,3666,6773,25,43,46,86
1615939684,0,0,0,0,0,1843,3477,3768,6955,1817,3429,3712,6859,26,48,56,96
1615939685,0,0,0,0,0,1866,3521,3816,7043,1843,3477,3768,6955,23,44,48,88
1615939686,0,0,0,0,0,1891,3567,3866,7135,1866,3521,3816,7043,25,46,50,92
1615939687,0,0,0,0,0,1911,3601,3904,7203,1891,3567,3866,7135,20,34,38,68
1615939688,0,0,0,0,0,1935,3646,3954,7293,1911,3601,3904,7203,24,45,50,90
1615939689,0,0,0,0,0,1961,3691,4006,7383,1935,3646,3954,7293,26,45,52,90
1615939690,0,0,0,0,0,1987,3736,4056,7473,1961,3691,4006,7383,26,45,50,90
1615939691,0,0,0,0,0,2011,3781,4106,7563,1987,3736,4056,7473,24,45,50,90
1615939692,0,0,0,0,0,2038,3827,4158,7655,2011,3781,4106,7563,27,46,52,92
1615939693,0,0,0,0,0,2056,3860,4194,7721,2038,3827,4158,7655,18,33,36,66
1615939694,0,0,0,0,0,2081,3908,4246,7817,2056,3860,4194,7721,25,48,52,96
1615939695,0,0,0,0,0,2107,3953,4298,7907,2081,3908,4246,7817,26,45,52,90
1615939696,0,0,0,0,0,2133,3998,4348,7997,2107,3953,4298,7907,26,45,50,90
1615939697,0,0,0,0,0,2151,4032,4386,8065,2133,3998,4348,7997,18,34,38,68
1615939698,0,0,0,0,0,2178,4079,4438,8159,2151,4032,4386,8065,27,47,52,94
1615939699,0,0,0,0,0,2203,4125,4488,8251,2178,4079,4438,8159,25,46,50,92
1615939700,0,0,0,0,0,2223,4161,4528,8323,2203,4125,4488,8251,20,36,40,72
1615939701,0,0,0,0,0,2248,4206,4580,8413,2223,4161,4528,8323,25,45,52,90
1615939702,0,0,0,0,0,2274,4251,4630,8503,2248,4206,4580,8413,26,45,50,90
1615939703,0,0,0,0,0,2299,4296,4680,8593,2274,4251,4630,8503,25,45,50,90
1615939704,0,0,0,0,0,2325,4344,4732,8689,2299,4296,4680,8593,26,48,52,96
1615939705,0,0,0,0,0,2344,4378,4770,8757,2325,4344,4732,8689,19,34,38,68
1615939706,0,0,0,0,0,2369,4423,4820,8847,2344,4378,4770,8757,25,45,50,90
1615939707,0,0,0,0,0,2394,4468,4872,8937,2369,4423,4820,8847,25,45,52,90
1615939708,0,0,0,0,0,2420,4513,4922,9027,2394,4468,4872,8937,26,45,50,90
1615939709,0,0,0,0,0,2445,4558,4972,9117,2420,4513,4922,9027,25,45,50,90
1615939710,0,0,0,0,0,2464,4592,5010,9185,2445,4558,4972,9117,19,34,38,68
1615939711,0,0,0,0,0,2489,4640,5062,9281,2464,4592,5010,9185,25,48,52,96
1615939712,0,0,0,0,0,2516,4687,5116,9375,2489,4640,5062,9281,27,47,54,94
1615939713,0,0,0,0,0,2536,4721,5154,9443,2516,4687,5116,9375,20,34,38,68
1615939714,0,0,0,0,0,2561,4766,5204,9533,2536,4721,5154,9443,25,45,50,90
1615939715,0,0,0,0,0,2586,4811,5254,9623,2561,4766,5204,9533,25,45,50,90
1615939716,0,0,0,0,0,2610,4856,5304,9713,2586,4811,5254,9623,24,45,50,90
1615939717,0,0,0,0,0,2636,4902,5354,9805,2610,4856,5304,9713,26,46,50,92
1615939718,0,0,0,0,0,2661,4947,5404,9895,2636,4902,5354,9805,25,45,50,90
1615939719,0,0,0,0,0,2680,4981,5442,9963,2661,4947,5404,9895,19,34,38,68
1615939720,0,0,0,0,0,2706,5026,5494,10053,2680,4981,5442,9963,26,45,52,90
1615939721,0,0,0,0,0,2730,5071,5544,10143,2706,5026,5494,10053,24,45,50,90
1615939722,0,0,0,0,0,2755,5116,5594,10233,2730,5071,5544,10143,25,45,50,90
1615939723,0,0,0,0,0,2781,5161,5644,10323,2755,5116,5594,10233,26,45,50,90
1615939724,0,0,0,0,0,2800,5195,5682,10391,2781,5161,5644,10323,19,34,38,68
1615939725,0,0,0,0,0,2825,5240,5732,10481,2800,5195,5682,10391,25,45,50,90
1615939726,0,0,0,0,0,2850,5286,5782,10573,2825,5240,5732,10481,25,46,50,92
1615939727,0,0,0,0,0,2875,5331,5832,10663,2850,5286,5782,10573,25,45,50,90
1615939728,0,0,0,0,0,2900,5376,5884,10753,2875,5331,5832,10663,25,45,52,90
1615939729,0,0,0,0,0,2920,5410,5922,10821,2900,5376,5884,10753,20,34,38,68
1615939730,0,0,0,0,0,2946,5457,5974,10915,2920,5410,5922,10821,26,47,52,94
1615939731,0,0,0,0,0,2972,5503,6026,11007,2946,5457,5974,10915,26,46,52,92
1615939732,0,0,0,0,0,2996,5548,6074,11097,2972,5503,6026,11007,24,45,48,90
1615939733,0,0,0,0,0,3016,5582,6114,11165,2996,5548,6074,11097,20,34,40,68
1615939734,0,0,0,0,0,3040,5627,6162,11255,3016,5582,6114,11165,24,45,48,90
1615939735,0,0,0,0,0,3067,5674,6234,11591,3040,5627,6162,11255,27,47,72,336
1615939736,0,33,0,0,0,3092,5798,6904,22879,3067,5674,6234,11591,25,124,670,11288
1615939737,0,0,0,0,0,3106,5870,7390,23023,3092,5798,6904,22879,14,72,486,144
1615939738,0,1,0,0,0,3121,5962,8033,23207,3106,5870,7390,23023,15,92,643,184
1615939739,0,1,0,0,0,3134,6052,8664,23387,3121,5962,8033,23207,13,90,631,180
1615939740,0,0,0,0,0,3146,6069,9304,23422,3134,6052,8664,23387,12,17,640,35
1615939741,0,0,0,0,0,3146,6069,9304,23422,3146,6069,9304,23422,12,17,640,35
1615939742,0,0,0,0,0,23,97,75,195,10,1,9,3,13,96,66,192
1615939743,0,0,0,0,0,43,145,115,291,23,97,75,195,20,48,40,96
1615939744,0,0,0,0,0,58,181,145,363,43,145,115,291,15,36,30,72
1615939745,0,0,0,0,0,78,229,185,459,58,181,145,363,20,48,40,96
1615939746,0,0,0,0,0,93,265,215,531,78,229,185,459,15,36,30,72
1615939747,0,0,0,0,0,113,313,255,627,93,265,215,531,20,48,40,96
1615939748,0,0,0,0,0,133,361,295,723,113,313,255,627,20,48,40,96
1615939749,0,0,0,0,0,148,396,325,793,133,361,295,723,15,35,30,70
1615939750,0,0,0,0,0,168,444,365,889,148,396,325,793,20,48,40,96
1615939751,0,0,0,0,0,183,480,395,961,168,444,365,889,15,36,30,72
1615939752,0,0,0,0,0,203,528,435,1057,183,480,395,961,20,48,40,96
1615939753,0,0,0,0,0,223,576,475,1153,203,528,435,1057,20,48,40,96
1615939754,0,0,0,0,0,238,612,505,1225,223,576,475,1153,15,36,30,72
1615939755,0,0,0,0,0,258,660,545,1321,238,612,505,1225,20,48,40,96
1615939756,0,0,0,0,0,270,696,569,1393,258,660,545,1321,12,36,24,72
1615939757,0,0,0,0,0,279,741,622,1483,270,696,569,1393,9,45,53,90
1615939758,0,0,0,0,0,305,791,676,1583,279,741,622,1483,26,50,54,100
1615939759,0,0,0,0,0,325,825,716,1651,305,791,676,1583,20,34,40,68
1615939760,0,0,0,0,0,349,870,764,1741,325,825,716,1651,24,45,48,90
1615939761,0,0,0,0,0,375,915,816,1831,349,870,764,1741,26,45,52,90
1615939762,0,0,0,0,0,400,960,866,1921,375,915,816,1831,25,45,50,90
1615939763,0,0,0,0,0,425,1005,916,2011,400,960,866,1921,25,45,50,90
1615939764,0,0,0,0,0,445,1041,956,2083,425,1005,916,2011,20,36,40,72
1615939765,0,0,0,0,0,470,1087,1006,2175,445,1041,956,2083,25,46,50,92
1615939766,0,0,0,0,0,497,1134,1060,2269,470,1087,1006,2175,27,47,54,94
1615939767,0,0,0,0,0,522,1179,1110,2359,497,1134,1060,2269,25,45,50,90
1615939768,0,0,0,0,0,540,1213,1148,2427,522,1179,1110,2359,18,34,38,68
